TN:
SF:src/core/ChangeTracker.ts
FN:6,(anonymous_0)
FN:13,(anonymous_1)
FN:17,(anonymous_2)
FN:24,(anonymous_3)
FN:39,(anonymous_4)
FN:46,(anonymous_5)
FN:53,(anonymous_6)
FN:60,(anonymous_7)
FN:67,(anonymous_8)
FN:80,(anonymous_9)
FN:95,(anonymous_10)
FN:108,(anonymous_11)
FN:122,(anonymous_12)
FN:129,(anonymous_13)
FN:149,(anonymous_14)
FNF:15
FNH:15
FNDA:29,(anonymous_0)
FNDA:19,(anonymous_1)
FNDA:1,(anonymous_2)
FNDA:251,(anonymous_3)
FNDA:9,(anonymous_4)
FNDA:12,(anonymous_5)
FNDA:1,(anonymous_6)
FNDA:2,(anonymous_7)
FNDA:2,(anonymous_8)
FNDA:18,(anonymous_9)
FNDA:19,(anonymous_10)
FNDA:5,(anonymous_11)
FNDA:16,(anonymous_12)
FNDA:18,(anonymous_13)
FNDA:3,(anonymous_14)
DA:1,3
DA:6,3
DA:7,29
DA:8,29
DA:14,19
DA:18,1
DA:25,251
DA:26,5
DA:27,5
DA:28,5
DA:31,246
DA:32,246
DA:33,246
DA:40,9
DA:47,12
DA:54,1
DA:61,2
DA:68,2
DA:69,2
DA:70,6
DA:71,3
DA:74,2
DA:81,18
DA:82,18
DA:83,189
DA:86,185
DA:89,18
DA:96,19
DA:97,188
DA:98,5
DA:99,1
DA:109,5
DA:110,5
DA:113,2
DA:116,3
DA:123,16
DA:130,18
DA:132,18
DA:133,188
DA:134,3
DA:136,185
DA:141,18
DA:142,3
DA:156,3
DA:158,3
DA:159,5
DA:161,2
DA:162,2
DA:164,1
DA:165,1
DA:167,1
DA:168,1
DA:170,1
DA:171,1
DA:175,3
LF:55
LH:55
BRDA:25,0,0,5
BRDA:25,0,1,246
BRDA:70,1,0,3
BRDA:70,1,1,3
BRDA:83,2,0,185
BRDA:83,2,1,4
BRDA:83,3,0,189
BRDA:83,3,1,7
BRDA:83,3,2,5
BRDA:97,4,0,5
BRDA:97,4,1,183
BRDA:98,5,0,1
BRDA:98,5,1,4
BRDA:110,6,0,2
BRDA:110,6,1,3
BRDA:110,7,0,5
BRDA:110,7,1,3
BRDA:110,7,2,3
BRDA:133,8,0,3
BRDA:133,8,1,185
BRDA:159,9,0,2
BRDA:159,9,1,1
BRDA:159,9,2,1
BRDA:159,9,3,1
BRF:24
BRH:24
end_of_record
TN:
SF:src/core/DbContext.ts
FN:15,(anonymous_9)
FN:27,(anonymous_10)
FN:43,(anonymous_11)
FN:50,(anonymous_12)
FN:54,(anonymous_13)
FN:58,(anonymous_14)
FN:74,(anonymous_15)
FN:80,(anonymous_16)
FN:84,(anonymous_17)
FN:88,(anonymous_18)
FN:97,(anonymous_19)
FN:127,(anonymous_20)
FN:169,(anonymous_21)
FN:170,(anonymous_22)
FN:179,(anonymous_23)
FN:180,(anonymous_24)
FN:191,(anonymous_25)
FN:198,(anonymous_26)
FN:207,(anonymous_27)
FN:219,(anonymous_28)
FN:222,(anonymous_29)
FN:281,(anonymous_30)
FN:296,(anonymous_31)
FN:314,(anonymous_32)
FN:321,(anonymous_33)
FN:331,(anonymous_34)
FN:332,(anonymous_35)
FN:359,(anonymous_36)
FN:360,(anonymous_37)
FN:389,(anonymous_38)
FN:463,(anonymous_39)
FN:494,(anonymous_40)
FN:513,(anonymous_41)
FN:517,(anonymous_42)
FN:518,(anonymous_43)
FN:528,(anonymous_44)
FN:542,(anonymous_45)
FN:550,(anonymous_46)
FNF:38
FNH:25
FNDA:5,(anonymous_9)
FNDA:230,(anonymous_10)
FNDA:5,(anonymous_11)
FNDA:1,(anonymous_12)
FNDA:1,(anonymous_13)
FNDA:48,(anonymous_14)
FNDA:0,(anonymous_15)
FNDA:17,(anonymous_16)
FNDA:16,(anonymous_17)
FNDA:1,(anonymous_18)
FNDA:17,(anonymous_19)
FNDA:183,(anonymous_20)
FNDA:181,(anonymous_21)
FNDA:724,(anonymous_22)
FNDA:724,(anonymous_23)
FNDA:724,(anonymous_24)
FNDA:724,(anonymous_25)
FNDA:180,(anonymous_26)
FNDA:1,(anonymous_27)
FNDA:4,(anonymous_28)
FNDA:2,(anonymous_29)
FNDA:0,(anonymous_30)
FNDA:1,(anonymous_31)
FNDA:0,(anonymous_32)
FNDA:0,(anonymous_33)
FNDA:1,(anonymous_34)
FNDA:1,(anonymous_35)
FNDA:0,(anonymous_36)
FNDA:0,(anonymous_37)
FNDA:0,(anonymous_38)
FNDA:0,(anonymous_39)
FNDA:0,(anonymous_40)
FNDA:0,(anonymous_41)
FNDA:0,(anonymous_42)
FNDA:0,(anonymous_43)
FNDA:0,(anonymous_44)
FNDA:16,(anonymous_45)
FNDA:27,(anonymous_46)
DA:1,2
DA:3,2
DA:4,2
DA:5,2
DA:6,2
DA:11,2
DA:16,5
DA:17,5
DA:20,5
DA:21,5
DA:28,230
DA:51,1
DA:55,1
DA:59,48
DA:75,0
DA:76,0
DA:81,17
DA:85,16
DA:89,1
DA:99,17
DA:100,17
DA:103,17
DA:105,17
DA:106,0
DA:109,17
DA:111,17
DA:113,17
DA:116,17
DA:117,183
DA:118,183
DA:119,183
DA:121,183
DA:122,0
DA:123,0
DA:126,183
DA:127,183
DA:129,183
DA:130,0
DA:131,0
DA:134,183
DA:136,181
DA:137,180
DA:138,180
DA:141,1
DA:142,1
DA:143,1
DA:146,1
DA:147,1
DA:148,1
DA:153,16
DA:156,16
DA:158,16
DA:161,1
DA:162,1
DA:170,181
DA:172,724
DA:174,724
DA:176,724
DA:179,724
DA:180,181
DA:181,724
DA:184,724
DA:185,0
DA:188,724
DA:191,724
DA:193,181
DA:195,181
DA:198,180
DA:199,180
DA:200,180
DA:208,1
DA:210,1
DA:211,0
DA:214,1
DA:215,1
DA:216,1
DA:219,4
DA:221,1
DA:222,2
DA:223,1
DA:224,1
DA:226,1
DA:229,1
DA:230,0
DA:233,1
DA:238,1
DA:239,0
DA:240,0
DA:241,0
DA:242,0
DA:244,0
DA:247,1
DA:248,0
DA:251,1
DA:254,1
DA:255,0
DA:258,1
DA:261,1
DA:264,1
DA:265,0
DA:266,0
DA:267,0
DA:270,1
DA:272,1
DA:275,1
DA:276,0
DA:277,0
DA:278,0
DA:280,0
DA:281,0
DA:282,0
DA:283,0
DA:284,0
DA:286,0
DA:289,0
DA:297,1
DA:300,1
DA:301,0
DA:304,1
DA:306,1
DA:308,1
DA:315,0
DA:322,0
DA:324,0
DA:325,0
DA:328,0
DA:332,2
DA:333,1
DA:336,1
DA:338,1
DA:339,0
DA:342,1
DA:343,1
DA:347,1
DA:349,1
DA:350,1
DA:351,0
DA:353,0
DA:354,0
DA:355,0
DA:357,0
DA:359,0
DA:360,0
DA:362,0
DA:373,0
DA:374,0
DA:382,1
DA:383,1
DA:384,0
DA:385,0
DA:386,0
DA:388,0
DA:389,0
DA:390,0
DA:391,0
DA:392,0
DA:401,0
DA:404,0
DA:405,0
DA:415,1
DA:416,1
DA:417,0
DA:418,0
DA:419,0
DA:426,0
DA:429,0
DA:430,0
DA:437,1
DA:438,1
DA:439,0
DA:440,0
DA:441,0
DA:447,0
DA:450,0
DA:451,0
DA:458,1
DA:459,1
DA:460,1
DA:462,1
DA:463,0
DA:469,1
DA:470,4
DA:471,4
DA:473,4
DA:474,4
DA:475,4
DA:478,0
DA:479,0
DA:480,0
DA:481,0
DA:491,1
DA:492,1
DA:493,0
DA:494,0
DA:496,0
DA:497,0
DA:501,0
DA:502,0
DA:504,0
DA:506,0
DA:507,0
DA:508,0
DA:509,0
DA:511,0
DA:513,0
DA:514,0
DA:517,0
DA:518,0
DA:519,0
DA:522,0
DA:523,0
DA:526,0
DA:528,0
DA:529,0
DA:532,0
DA:533,0
DA:543,16
DA:551,27
LF:218
LH:119
BRDA:99,0,0,17
BRDA:99,0,1,0
BRDA:105,1,0,0
BRDA:105,1,1,17
BRDA:121,2,0,0
BRDA:121,2,1,183
BRDA:129,3,0,0
BRDA:129,3,1,183
BRDA:134,4,0,181
BRDA:134,4,1,1
BRDA:134,4,2,1
BRDA:172,5,0,0
BRDA:172,5,1,724
BRDA:176,6,0,724
BRDA:176,6,1,181
BRDA:176,6,2,181
BRDA:176,6,3,181
BRDA:181,7,0,0
BRDA:181,7,1,724
BRDA:184,8,0,0
BRDA:184,8,1,724
BRDA:184,9,0,724
BRDA:184,9,1,0
BRDA:184,9,2,0
BRDA:184,9,3,0
BRDA:198,10,0,180
BRDA:198,10,1,180
BRDA:199,11,0,180
BRDA:199,11,1,0
BRDA:199,12,0,180
BRDA:199,12,1,180
BRDA:210,13,0,0
BRDA:210,13,1,1
BRDA:223,14,0,1
BRDA:223,14,1,0
BRDA:223,15,0,1
BRDA:223,15,1,1
BRDA:223,15,2,1
BRDA:229,16,0,0
BRDA:229,16,1,1
BRDA:229,17,0,1
BRDA:229,17,1,0
BRDA:229,17,2,0
BRDA:229,17,3,0
BRDA:240,18,0,0
BRDA:240,18,1,0
BRDA:247,19,0,0
BRDA:247,19,1,1
BRDA:254,20,0,0
BRDA:254,20,1,1
BRDA:254,21,0,1
BRDA:254,21,1,0
BRDA:254,21,2,0
BRDA:254,21,3,0
BRDA:275,22,0,0
BRDA:275,22,1,1
BRDA:280,23,0,0
BRDA:280,23,1,0
BRDA:300,24,0,0
BRDA:300,24,1,1
BRDA:300,25,0,1
BRDA:300,25,1,0
BRDA:300,25,2,0
BRDA:300,25,3,0
BRDA:314,26,0,0
BRDA:324,27,0,0
BRDA:324,27,1,0
BRDA:338,28,0,0
BRDA:338,28,1,1
BRDA:351,29,0,0
BRDA:351,29,1,0
BRDA:351,30,0,0
BRDA:351,30,1,0
BRDA:353,31,0,0
BRDA:353,31,1,0
BRDA:357,32,0,0
BRDA:357,32,1,0
BRDA:357,33,0,0
BRDA:357,33,1,0
BRDA:357,33,2,0
BRDA:384,34,0,0
BRDA:384,34,1,0
BRDA:384,35,0,0
BRDA:384,35,1,0
BRDA:384,35,2,0
BRDA:388,36,0,0
BRDA:388,36,1,0
BRDA:390,37,0,0
BRDA:390,37,1,0
BRDA:404,38,0,0
BRDA:404,38,1,0
BRDA:417,39,0,0
BRDA:417,39,1,0
BRDA:429,40,0,0
BRDA:429,40,1,0
BRDA:439,41,0,0
BRDA:439,41,1,0
BRDA:450,42,0,0
BRDA:450,42,1,0
BRDA:473,43,0,4
BRDA:473,43,1,0
BRDA:478,44,0,0
BRDA:478,44,1,0
BRDA:492,45,0,0
BRDA:492,45,1,1
BRDA:492,46,0,1
BRDA:492,46,1,0
BRDA:496,47,0,0
BRDA:496,47,1,0
BRDA:504,48,0,0
BRDA:504,48,1,0
BRDA:511,49,0,0
BRDA:511,49,1,0
BRDA:514,50,0,0
BRDA:514,50,1,0
BRDA:519,51,0,0
BRDA:519,51,1,0
BRDA:522,52,0,0
BRDA:522,52,1,0
BRDA:522,53,0,0
BRDA:522,53,1,0
BRDA:522,53,2,0
BRDA:522,53,3,0
BRF:123
BRH:37
end_of_record
TN:
SF:src/core/DbSet.ts
FN:14,(anonymous_0)
FN:20,(anonymous_1)
FN:27,(anonymous_2)
FN:36,(anonymous_3)
FN:46,(anonymous_4)
FN:55,(anonymous_5)
FN:65,(anonymous_6)
FN:74,(anonymous_7)
FN:80,(anonymous_8)
FN:84,(anonymous_9)
FN:89,(anonymous_10)
FN:101,(anonymous_11)
FN:110,(anonymous_12)
FN:117,(anonymous_13)
FN:124,(anonymous_14)
FN:131,(anonymous_15)
FN:138,(anonymous_16)
FN:147,(anonymous_17)
FN:151,(anonymous_18)
FN:166,(anonymous_19)
FN:176,(anonymous_20)
FN:179,(anonymous_21)
FN:191,(anonymous_22)
FN:194,(anonymous_23)
FN:206,(anonymous_24)
FN:209,(anonymous_25)
FN:221,(anonymous_26)
FN:224,(anonymous_27)
FN:236,(anonymous_28)
FN:243,(anonymous_29)
FN:252,(anonymous_30)
FN:267,(anonymous_31)
FN:271,(anonymous_32)
FN:274,(anonymous_33)
FN:301,(anonymous_34)
FN:309,(anonymous_35)
FN:350,(anonymous_36)
FN:360,(anonymous_37)
FN:371,(anonymous_38)
FN:379,(anonymous_39)
FN:395,(anonymous_40)
FN:403,(anonymous_41)
FN:411,(anonymous_42)
FN:419,(anonymous_43)
FN:429,(anonymous_44)
FN:439,(anonymous_45)
FN:444,(anonymous_46)
FN:452,(anonymous_47)
FN:490,(anonymous_48)
FN:514,(anonymous_49)
FN:522,(anonymous_50)
FN:532,(anonymous_51)
FN:541,(anonymous_52)
FN:549,(anonymous_53)
FN:563,(anonymous_54)
FN:574,(anonymous_55)
FN:586,(anonymous_56)
FN:589,(anonymous_57)
FN:602,(anonymous_58)
FN:605,(anonymous_59)
FN:618,(anonymous_60)
FN:621,(anonymous_61)
FN:634,(anonymous_62)
FN:637,(anonymous_63)
FN:650,(anonymous_64)
FN:665,(anonymous_65)
FN:674,(anonymous_66)
FN:683,(anonymous_67)
FN:690,(anonymous_68)
FN:696,(anonymous_69)
FN:713,(anonymous_70)
FN:724,(anonymous_71)
FN:725,(anonymous_72)
FN:731,(anonymous_73)
FN:737,(anonymous_74)
FN:743,(anonymous_75)
FN:751,(anonymous_76)
FN:759,(anonymous_77)
FN:764,(anonymous_78)
FN:770,(anonymous_79)
FN:773,(anonymous_80)
FN:779,(anonymous_81)
FN:790,(anonymous_82)
FN:796,(anonymous_83)
FN:806,(anonymous_84)
FN:809,(anonymous_85)
FN:812,(anonymous_86)
FN:818,(anonymous_87)
FN:825,(anonymous_88)
FN:829,(anonymous_89)
FN:832,(anonymous_90)
FN:838,(anonymous_91)
FN:845,(anonymous_92)
FN:859,(anonymous_93)
FN:878,(anonymous_94)
FN:888,(anonymous_95)
FN:899,(anonymous_96)
FN:907,(anonymous_97)
FN:915,(anonymous_98)
FN:923,(anonymous_99)
FN:931,(anonymous_100)
FN:939,(anonymous_101)
FN:949,(anonymous_102)
FN:997,(anonymous_103)
FN:1000,(anonymous_104)
FN:1007,(anonymous_105)
FN:1015,(anonymous_106)
FN:1026,(anonymous_107)
FN:1044,(anonymous_108)
FN:1065,(anonymous_109)
FN:1086,(anonymous_110)
FN:1096,(anonymous_111)
FN:1100,(anonymous_112)
FN:1116,(anonymous_113)
FN:1120,(anonymous_114)
FN:1136,(anonymous_115)
FN:1144,(anonymous_116)
FN:1176,(anonymous_117)
FN:1190,(anonymous_118)
FN:1201,(anonymous_119)
FN:1209,(anonymous_120)
FN:1217,(anonymous_121)
FN:1225,(anonymous_122)
FN:1240,(anonymous_123)
FN:1261,(anonymous_124)
FN:1268,(anonymous_125)
FN:1274,(anonymous_126)
FN:1283,(anonymous_127)
FN:1285,(anonymous_128)
FN:1286,(anonymous_129)
FN:1286,(anonymous_130)
FN:1287,(anonymous_131)
FN:1288,(anonymous_132)
FN:1291,(anonymous_133)
FN:1293,(anonymous_134)
FN:1295,(anonymous_135)
FN:1297,(anonymous_136)
FN:1308,(anonymous_137)
FN:1326,(anonymous_138)
FN:1328,(anonymous_139)
FN:1348,(anonymous_140)
FN:1370,(anonymous_141)
FN:1393,(anonymous_142)
FN:1401,(anonymous_143)
FN:1409,(anonymous_144)
FN:1427,(anonymous_145)
FN:1441,(anonymous_146)
FN:1455,(anonymous_147)
FN:1469,(anonymous_148)
FNF:149
FNH:26
FNDA:16,(anonymous_0)
FNDA:62,(anonymous_1)
FNDA:79,(anonymous_2)
FNDA:2,(anonymous_3)
FNDA:1,(anonymous_4)
FNDA:0,(anonymous_5)
FNDA:1,(anonymous_6)
FNDA:0,(anonymous_7)
FNDA:1,(anonymous_8)
FNDA:1,(anonymous_9)
FNDA:2,(anonymous_10)
FNDA:0,(anonymous_11)
FNDA:0,(anonymous_12)
FNDA:1,(anonymous_13)
FNDA:0,(anonymous_14)
FNDA:1,(anonymous_15)
FNDA:0,(anonymous_16)
FNDA:20,(anonymous_17)
FNDA:20,(anonymous_18)
FNDA:1,(anonymous_19)
FNDA:0,(anonymous_20)
FNDA:0,(anonymous_21)
FNDA:0,(anonymous_22)
FNDA:0,(anonymous_23)
FNDA:0,(anonymous_24)
FNDA:0,(anonymous_25)
FNDA:0,(anonymous_26)
FNDA:0,(anonymous_27)
FNDA:0,(anonymous_28)
FNDA:0,(anonymous_29)
FNDA:0,(anonymous_30)
FNDA:0,(anonymous_31)
FNDA:20,(anonymous_32)
FNDA:80,(anonymous_33)
FNDA:10,(anonymous_34)
FNDA:40,(anonymous_35)
FNDA:4,(anonymous_36)
FNDA:2,(anonymous_37)
FNDA:0,(anonymous_38)
FNDA:0,(anonymous_39)
FNDA:1,(anonymous_40)
FNDA:0,(anonymous_41)
FNDA:1,(anonymous_42)
FNDA:1,(anonymous_43)
FNDA:0,(anonymous_44)
FNDA:0,(anonymous_45)
FNDA:4,(anonymous_46)
FNDA:1,(anonymous_47)
FNDA:10,(anonymous_48)
FNDA:0,(anonymous_49)
FNDA:0,(anonymous_50)
FNDA:0,(anonymous_51)
FNDA:0,(anonymous_52)
FNDA:0,(anonymous_53)
FNDA:0,(anonymous_54)
FNDA:0,(anonymous_55)
FNDA:0,(anonymous_56)
FNDA:0,(anonymous_57)
FNDA:0,(anonymous_58)
FNDA:0,(anonymous_59)
FNDA:0,(anonymous_60)
FNDA:0,(anonymous_61)
FNDA:0,(anonymous_62)
FNDA:0,(anonymous_63)
FNDA:0,(anonymous_64)
FNDA:0,(anonymous_65)
FNDA:0,(anonymous_66)
FNDA:0,(anonymous_67)
FNDA:0,(anonymous_68)
FNDA:0,(anonymous_69)
FNDA:0,(anonymous_70)
FNDA:0,(anonymous_71)
FNDA:0,(anonymous_72)
FNDA:0,(anonymous_73)
FNDA:0,(anonymous_74)
FNDA:0,(anonymous_75)
FNDA:0,(anonymous_76)
FNDA:0,(anonymous_77)
FNDA:0,(anonymous_78)
FNDA:0,(anonymous_79)
FNDA:0,(anonymous_80)
FNDA:0,(anonymous_81)
FNDA:0,(anonymous_82)
FNDA:0,(anonymous_83)
FNDA:0,(anonymous_84)
FNDA:0,(anonymous_85)
FNDA:0,(anonymous_86)
FNDA:0,(anonymous_87)
FNDA:0,(anonymous_88)
FNDA:0,(anonymous_89)
FNDA:0,(anonymous_90)
FNDA:0,(anonymous_91)
FNDA:0,(anonymous_92)
FNDA:0,(anonymous_93)
FNDA:0,(anonymous_94)
FNDA:0,(anonymous_95)
FNDA:0,(anonymous_96)
FNDA:0,(anonymous_97)
FNDA:0,(anonymous_98)
FNDA:0,(anonymous_99)
FNDA:0,(anonymous_100)
FNDA:0,(anonymous_101)
FNDA:0,(anonymous_102)
FNDA:0,(anonymous_103)
FNDA:0,(anonymous_104)
FNDA:0,(anonymous_105)
FNDA:0,(anonymous_106)
FNDA:0,(anonymous_107)
FNDA:0,(anonymous_108)
FNDA:0,(anonymous_109)
FNDA:0,(anonymous_110)
FNDA:0,(anonymous_111)
FNDA:0,(anonymous_112)
FNDA:0,(anonymous_113)
FNDA:0,(anonymous_114)
FNDA:0,(anonymous_115)
FNDA:0,(anonymous_116)
FNDA:0,(anonymous_117)
FNDA:0,(anonymous_118)
FNDA:0,(anonymous_119)
FNDA:0,(anonymous_120)
FNDA:0,(anonymous_121)
FNDA:0,(anonymous_122)
FNDA:0,(anonymous_123)
FNDA:0,(anonymous_124)
FNDA:0,(anonymous_125)
FNDA:0,(anonymous_126)
FNDA:0,(anonymous_127)
FNDA:0,(anonymous_128)
FNDA:0,(anonymous_129)
FNDA:0,(anonymous_130)
FNDA:0,(anonymous_131)
FNDA:0,(anonymous_132)
FNDA:0,(anonymous_133)
FNDA:0,(anonymous_134)
FNDA:0,(anonymous_135)
FNDA:0,(anonymous_136)
FNDA:0,(anonymous_137)
FNDA:0,(anonymous_138)
FNDA:0,(anonymous_139)
FNDA:0,(anonymous_140)
FNDA:0,(anonymous_141)
FNDA:0,(anonymous_142)
FNDA:0,(anonymous_143)
FNDA:0,(anonymous_144)
FNDA:0,(anonymous_145)
FNDA:0,(anonymous_146)
FNDA:0,(anonymous_147)
FNDA:0,(anonymous_148)
DA:2,2
DA:3,2
DA:4,2
DA:10,2
DA:14,16
DA:15,16
DA:16,16
DA:17,0
DA:19,16
DA:20,62
DA:28,79
DA:37,2
DA:38,102
DA:47,1
DA:56,0
DA:57,0
DA:66,1
DA:75,0
DA:76,0
DA:81,1
DA:82,1
DA:83,1
DA:84,1
DA:90,2
DA:102,0
DA:111,0
DA:118,1
DA:125,0
DA:132,1
DA:139,0
DA:148,20
DA:149,20
DA:151,20
DA:152,20
DA:154,20
DA:155,20
DA:156,20
DA:157,20
DA:159,20
DA:160,19
DA:167,1
DA:168,1
DA:177,0
DA:178,0
DA:179,0
DA:180,0
DA:182,0
DA:183,0
DA:192,0
DA:193,0
DA:194,0
DA:195,0
DA:197,0
DA:198,0
DA:207,0
DA:208,0
DA:209,0
DA:210,0
DA:212,0
DA:213,0
DA:222,0
DA:223,0
DA:224,0
DA:225,0
DA:227,0
DA:228,0
DA:237,0
DA:244,0
DA:253,0
DA:254,0
DA:268,0
DA:272,20
DA:273,20
DA:274,20
DA:275,80
DA:278,80
DA:279,0
DA:283,80
DA:284,80
DA:289,20
DA:290,20
DA:291,20
DA:294,20
DA:307,10
DA:308,10
DA:309,10
DA:310,40
DA:313,40
DA:314,0
DA:318,40
DA:319,40
DA:324,10
DA:325,10
DA:326,10
DA:329,10
DA:339,2
DA:340,4
DA:341,4
DA:342,4
DA:343,4
DA:344,4
DA:347,4
DA:348,4
DA:351,4
DA:352,4
DA:353,4
DA:354,4
DA:357,4
DA:361,2
DA:362,2
DA:363,2
DA:364,2
DA:365,2
DA:372,0
DA:373,0
DA:375,0
DA:376,0
DA:379,0
DA:380,0
DA:381,0
DA:384,0
DA:389,0
DA:396,1
DA:397,1
DA:404,0
DA:405,0
DA:412,1
DA:413,1
DA:420,1
DA:421,1
DA:430,0
DA:431,0
DA:440,0
DA:441,0
DA:445,4
DA:446,4
DA:447,4
DA:450,4
DA:451,1
DA:452,1
DA:454,1
DA:458,4
DA:460,0
DA:462,0
DA:463,0
DA:465,0
DA:466,0
DA:467,0
DA:472,4
DA:473,1
DA:475,4
DA:476,1
DA:481,4
DA:482,4
DA:483,0
DA:486,4
DA:487,4
DA:490,4
DA:491,10
DA:495,4
DA:496,4
DA:497,4
DA:498,4
DA:499,0
DA:504,4
DA:505,0
DA:508,4
DA:515,0
DA:516,0
DA:523,0
DA:524,0
DA:525,0
DA:526,0
DA:533,0
DA:534,0
DA:542,0
DA:543,0
DA:550,0
DA:551,0
DA:552,0
DA:554,0
DA:555,0
DA:557,0
DA:564,0
DA:565,0
DA:566,0
DA:568,0
DA:575,0
DA:576,0
DA:577,0
DA:579,0
DA:587,0
DA:588,0
DA:589,0
DA:590,0
DA:592,0
DA:593,0
DA:594,0
DA:595,0
DA:603,0
DA:604,0
DA:605,0
DA:606,0
DA:608,0
DA:609,0
DA:610,0
DA:611,0
DA:619,0
DA:620,0
DA:621,0
DA:622,0
DA:624,0
DA:625,0
DA:626,0
DA:627,0
DA:635,0
DA:636,0
DA:637,0
DA:638,0
DA:640,0
DA:641,0
DA:642,0
DA:643,0
DA:651,0
DA:653,0
DA:654,0
DA:655,0
DA:656,0
DA:657,0
DA:658,0
DA:659,0
DA:666,0
DA:667,0
DA:675,0
DA:676,0
DA:678,0
DA:679,0
DA:680,0
DA:684,0
DA:686,0
DA:687,0
DA:689,0
DA:690,0
DA:691,0
DA:693,0
DA:694,0
DA:696,0
DA:697,0
DA:700,0
DA:702,0
DA:703,0
DA:705,0
DA:706,0
DA:708,0
DA:719,0
DA:720,0
DA:723,0
DA:724,0
DA:725,0
DA:727,0
DA:730,0
DA:731,0
DA:732,0
DA:733,0
DA:736,0
DA:737,0
DA:738,0
DA:739,0
DA:743,0
DA:744,0
DA:745,0
DA:746,0
DA:756,0
DA:757,0
DA:759,0
DA:760,0
DA:763,0
DA:764,0
DA:765,0
DA:767,0
DA:770,0
DA:773,0
DA:774,0
DA:775,0
DA:778,0
DA:779,0
DA:780,0
DA:781,0
DA:783,0
DA:784,0
DA:786,0
DA:790,0
DA:791,0
DA:792,0
DA:801,0
DA:803,0
DA:804,0
DA:806,0
DA:807,0
DA:809,0
DA:812,0
DA:813,0
DA:814,0
DA:816,0
DA:818,0
DA:819,0
DA:821,0
DA:825,0
DA:826,0
DA:829,0
DA:830,0
DA:832,0
DA:833,0
DA:834,0
DA:837,0
DA:838,0
DA:839,0
DA:840,0
DA:844,0
DA:845,0
DA:846,0
DA:847,0
DA:849,0
DA:850,0
DA:853,0
DA:854,0
DA:859,0
DA:860,0
DA:861,0
DA:870,2
DA:871,0
DA:872,0
DA:873,0
DA:876,0
DA:879,0
DA:880,0
DA:881,0
DA:882,0
DA:889,0
DA:890,0
DA:891,0
DA:892,0
DA:893,0
DA:900,0
DA:901,0
DA:908,0
DA:909,0
DA:916,0
DA:917,0
DA:924,0
DA:925,0
DA:932,0
DA:933,0
DA:940,0
DA:941,0
DA:944,0
DA:947,0
DA:948,0
DA:949,0
DA:951,0
DA:955,0
DA:956,0
DA:957,0
DA:958,0
DA:960,0
DA:961,0
DA:962,0
DA:966,0
DA:967,0
DA:969,0
DA:970,0
DA:975,0
DA:978,0
DA:980,0
DA:981,0
DA:982,0
DA:985,0
DA:986,0
DA:989,0
DA:992,0
DA:994,0
DA:997,0
DA:998,0
DA:1000,0
DA:1008,0
DA:1009,0
DA:1016,0
DA:1017,0
DA:1018,0
DA:1019,0
DA:1027,0
DA:1028,0
DA:1031,0
DA:1032,0
DA:1033,0
DA:1036,0
DA:1037,0
DA:1039,0
DA:1040,0
DA:1041,0
DA:1043,0
DA:1044,0
DA:1046,0
DA:1048,0
DA:1051,0
DA:1055,0
DA:1056,0
DA:1061,0
DA:1062,0
DA:1063,0
DA:1064,0
DA:1065,0
DA:1067,0
DA:1068,0
DA:1073,0
DA:1076,0
DA:1085,2
DA:1087,0
DA:1088,0
DA:1089,0
DA:1090,0
DA:1097,0
DA:1100,0
DA:1101,0
DA:1105,0
DA:1106,0
DA:1107,0
DA:1110,0
DA:1117,0
DA:1120,0
DA:1121,0
DA:1125,0
DA:1126,0
DA:1127,0
DA:1130,0
DA:1137,0
DA:1138,0
DA:1145,0
DA:1146,0
DA:1167,2
DA:1168,0
DA:1169,0
DA:1170,0
DA:1171,0
DA:1172,0
DA:1177,0
DA:1178,0
DA:1179,0
DA:1180,0
DA:1191,0
DA:1192,0
DA:1193,0
DA:1194,0
DA:1195,0
DA:1202,0
DA:1203,0
DA:1210,0
DA:1211,0
DA:1218,0
DA:1219,0
DA:1226,0
DA:1227,0
DA:1241,0
DA:1264,0
DA:1265,0
DA:1266,0
DA:1268,0
DA:1269,0
DA:1273,0
DA:1274,0
DA:1275,0
DA:1276,0
DA:1277,0
DA:1279,0
DA:1283,0
DA:1285,0
DA:1286,0
DA:1288,0
DA:1289,0
DA:1292,0
DA:1293,0
DA:1296,0
DA:1297,0
DA:1307,2
DA:1309,0
DA:1310,0
DA:1311,0
DA:1312,0
DA:1313,0
DA:1314,0
DA:1315,0
DA:1316,0
DA:1317,0
DA:1318,0
DA:1319,0
DA:1320,0
DA:1327,0
DA:1328,0
DA:1330,0
DA:1331,0
DA:1335,0
DA:1338,0
DA:1341,0
DA:1342,0
DA:1345,0
DA:1348,0
DA:1349,0
DA:1350,0
DA:1353,0
DA:1356,0
DA:1357,0
DA:1361,0
DA:1364,0
DA:1365,0
DA:1369,0
DA:1370,0
DA:1371,0
DA:1375,0
DA:1376,0
DA:1378,0
DA:1379,0
DA:1383,0
DA:1384,0
DA:1387,0
DA:1394,0
DA:1395,0
DA:1402,0
DA:1403,0
DA:1410,0
DA:1411,0
DA:1414,0
DA:1415,0
DA:1416,0
DA:1423,0
DA:1424,0
DA:1425,0
DA:1426,0
DA:1427,0
DA:1428,0
DA:1429,0
DA:1437,0
DA:1438,0
DA:1439,0
DA:1440,0
DA:1441,0
DA:1442,0
DA:1443,0
DA:1451,0
DA:1452,0
DA:1453,0
DA:1454,0
DA:1455,0
DA:1456,0
DA:1457,0
DA:1465,0
DA:1466,0
DA:1467,0
DA:1468,0
DA:1469,0
DA:1470,0
DA:1471,0
DA:1478,0
LF:562
LH:107
BRDA:16,0,0,0
BRDA:16,0,1,16
BRDA:149,1,0,0
BRDA:149,1,1,20
BRDA:152,2,0,0
BRDA:152,2,1,20
BRDA:159,3,0,1
BRDA:159,3,1,19
BRDA:180,4,0,0
BRDA:180,4,1,0
BRDA:183,5,0,0
BRDA:183,5,1,0
BRDA:195,6,0,0
BRDA:195,6,1,0
BRDA:198,7,0,0
BRDA:198,7,1,0
BRDA:210,8,0,0
BRDA:210,8,1,0
BRDA:225,9,0,0
BRDA:225,9,1,0
BRDA:271,10,0,0
BRDA:278,11,0,0
BRDA:278,11,1,80
BRDA:278,12,0,80
BRDA:278,12,1,0
BRDA:283,13,0,80
BRDA:283,13,1,0
BRDA:289,14,0,20
BRDA:289,14,1,0
BRDA:304,15,0,0
BRDA:313,16,0,0
BRDA:313,16,1,40
BRDA:313,17,0,40
BRDA:313,17,1,0
BRDA:318,18,0,40
BRDA:318,18,1,0
BRDA:324,19,0,10
BRDA:324,19,1,0
BRDA:324,20,0,10
BRDA:324,20,1,10
BRDA:354,21,0,4
BRDA:355,22,0,4
BRDA:375,23,0,0
BRDA:375,23,1,0
BRDA:380,24,0,0
BRDA:380,24,1,0
BRDA:447,25,0,2
BRDA:447,25,1,2
BRDA:450,26,0,1
BRDA:450,26,1,3
BRDA:454,27,0,0
BRDA:454,27,1,1
BRDA:458,28,0,0
BRDA:458,28,1,4
BRDA:460,29,0,0
BRDA:460,29,1,0
BRDA:460,30,0,0
BRDA:460,30,1,0
BRDA:462,31,0,0
BRDA:462,31,1,0
BRDA:463,32,0,0
BRDA:463,32,1,0
BRDA:465,33,0,0
BRDA:465,33,1,0
BRDA:466,34,0,0
BRDA:466,34,1,0
BRDA:472,35,0,1
BRDA:472,35,1,3
BRDA:475,36,0,1
BRDA:475,36,1,3
BRDA:482,37,0,0
BRDA:482,37,1,4
BRDA:486,38,0,4
BRDA:486,38,1,0
BRDA:496,39,0,4
BRDA:496,39,1,0
BRDA:498,40,0,0
BRDA:498,40,1,4
BRDA:504,41,0,0
BRDA:504,41,1,4
BRDA:516,42,0,0
BRDA:516,42,1,0
BRDA:523,43,0,0
BRDA:523,43,1,0
BRDA:551,44,0,0
BRDA:551,44,1,0
BRDA:554,45,0,0
BRDA:554,45,1,0
BRDA:565,46,0,0
BRDA:565,46,1,0
BRDA:568,47,0,0
BRDA:568,47,1,0
BRDA:576,48,0,0
BRDA:576,48,1,0
BRDA:590,49,0,0
BRDA:590,49,1,0
BRDA:592,50,0,0
BRDA:592,50,1,0
BRDA:595,51,0,0
BRDA:595,51,1,0
BRDA:606,52,0,0
BRDA:606,52,1,0
BRDA:608,53,0,0
BRDA:608,53,1,0
BRDA:611,54,0,0
BRDA:611,54,1,0
BRDA:622,55,0,0
BRDA:622,55,1,0
BRDA:624,56,0,0
BRDA:624,56,1,0
BRDA:638,57,0,0
BRDA:638,57,1,0
BRDA:640,58,0,0
BRDA:640,58,1,0
BRDA:684,59,0,0
BRDA:684,59,1,0
BRDA:687,60,0,0
BRDA:687,60,1,0
BRDA:691,61,0,0
BRDA:691,61,1,0
BRDA:694,62,0,0
BRDA:694,62,1,0
BRDA:697,63,0,0
BRDA:697,63,1,0
BRDA:700,64,0,0
BRDA:700,64,1,0
BRDA:700,65,0,0
BRDA:700,65,1,0
BRDA:703,66,0,0
BRDA:703,66,1,0
BRDA:706,67,0,0
BRDA:706,67,1,0
BRDA:720,68,0,0
BRDA:720,68,1,0
BRDA:725,69,0,0
BRDA:725,69,1,0
BRDA:727,70,0,0
BRDA:727,70,1,0
BRDA:745,71,0,0
BRDA:745,71,1,0
BRDA:745,72,0,0
BRDA:745,72,1,0
BRDA:757,73,0,0
BRDA:757,73,1,0
BRDA:760,74,0,0
BRDA:760,74,1,0
BRDA:765,75,0,0
BRDA:765,75,1,0
BRDA:765,76,0,0
BRDA:765,76,1,0
BRDA:783,77,0,0
BRDA:783,77,1,0
BRDA:792,78,0,0
BRDA:792,78,1,0
BRDA:801,79,0,0
BRDA:801,79,1,0
BRDA:804,80,0,0
BRDA:804,80,1,0
BRDA:807,81,0,0
BRDA:807,81,1,0
BRDA:816,82,0,0
BRDA:816,82,1,0
BRDA:830,83,0,0
BRDA:830,83,1,0
BRDA:849,84,0,0
BRDA:849,84,1,0
BRDA:853,85,0,0
BRDA:853,85,1,0
BRDA:861,86,0,0
BRDA:861,86,1,0
BRDA:944,87,0,0
BRDA:944,87,1,0
BRDA:947,88,0,0
BRDA:947,88,1,0
BRDA:951,89,0,0
BRDA:951,89,1,0
BRDA:955,90,0,0
BRDA:955,90,1,0
BRDA:956,91,0,0
BRDA:956,91,1,0
BRDA:956,92,0,0
BRDA:956,92,1,0
BRDA:957,93,0,0
BRDA:957,93,1,0
BRDA:958,94,0,0
BRDA:958,94,1,0
BRDA:960,95,0,0
BRDA:960,95,1,0
BRDA:961,96,0,0
BRDA:961,96,1,0
BRDA:966,97,0,0
BRDA:966,97,1,0
BRDA:969,98,0,0
BRDA:969,98,1,0
BRDA:978,99,0,0
BRDA:978,99,1,0
BRDA:978,100,0,0
BRDA:978,100,1,0
BRDA:980,101,0,0
BRDA:980,101,1,0
BRDA:982,102,0,0
BRDA:982,102,1,0
BRDA:985,103,0,0
BRDA:985,103,1,0
BRDA:986,104,0,0
BRDA:986,104,1,0
BRDA:992,105,0,0
BRDA:992,105,1,0
BRDA:992,106,0,0
BRDA:992,106,1,0
BRDA:1009,107,0,0
BRDA:1009,107,1,0
BRDA:1016,108,0,0
BRDA:1016,108,1,0
BRDA:1032,109,0,0
BRDA:1032,109,1,0
BRDA:1046,110,0,0
BRDA:1046,110,1,0
BRDA:1055,111,0,0
BRDA:1055,111,1,0
BRDA:1062,112,0,0
BRDA:1062,112,1,0
BRDA:1067,113,0,0
BRDA:1067,113,1,0
BRDA:1106,114,0,0
BRDA:1106,114,1,0
BRDA:1126,115,0,0
BRDA:1126,115,1,0
BRDA:1138,116,0,0
BRDA:1138,116,1,0
BRDA:1264,117,0,0
BRDA:1264,117,1,0
BRDA:1265,118,0,0
BRDA:1265,118,1,0
BRDA:1276,119,0,0
BRDA:1276,119,1,0
BRDA:1289,120,0,0
BRDA:1289,120,1,0
BRDA:1292,121,0,0
BRDA:1292,121,1,0
BRDA:1296,122,0,0
BRDA:1296,122,1,0
BRDA:1330,123,0,0
BRDA:1330,123,1,0
BRDA:1356,124,0,0
BRDA:1356,124,1,0
BRDA:1364,125,0,0
BRDA:1364,125,1,0
BRDA:1369,126,0,0
BRDA:1369,126,1,0
BRDA:1375,127,0,0
BRDA:1375,127,1,0
BRDA:1378,128,0,0
BRDA:1378,128,1,0
BRDA:1395,129,0,0
BRDA:1395,129,1,0
BRDA:1415,130,0,0
BRDA:1415,130,1,0
BRDA:1428,131,0,0
BRDA:1428,131,1,0
BRDA:1442,132,0,0
BRDA:1442,132,1,0
BRDA:1456,133,0,0
BRDA:1456,133,1,0
BRDA:1470,134,0,0
BRDA:1470,134,1,0
BRF:266
BRH:32
end_of_record
TN:
SF:src/core/EntityEntry.ts
FN:4,(anonymous_0)
FN:39,(anonymous_1)
FN:52,(anonymous_2)
FN:56,(anonymous_3)
FN:63,(anonymous_4)
FN:70,(anonymous_5)
FN:77,(anonymous_6)
FN:95,(anonymous_7)
FN:110,(anonymous_8)
FN:118,(anonymous_9)
FN:130,(anonymous_10)
FN:141,(anonymous_11)
FN:150,(anonymous_12)
FN:158,(anonymous_13)
FN:166,(anonymous_14)
FN:176,(anonymous_15)
FN:184,(anonymous_16)
FN:192,(anonymous_17)
FN:200,(anonymous_18)
FNF:19
FNH:19
FNDA:4,(anonymous_0)
FNDA:282,(anonymous_1)
FNDA:800,(anonymous_2)
FNDA:7,(anonymous_3)
FNDA:7,(anonymous_4)
FNDA:7,(anonymous_5)
FNDA:10,(anonymous_6)
FNDA:4,(anonymous_7)
FNDA:2,(anonymous_8)
FNDA:187,(anonymous_9)
FNDA:4,(anonymous_10)
FNDA:5,(anonymous_11)
FNDA:4,(anonymous_12)
FNDA:1,(anonymous_13)
FNDA:2,(anonymous_14)
FNDA:5,(anonymous_15)
FNDA:1,(anonymous_16)
FNDA:2,(anonymous_17)
FNDA:1,(anonymous_18)
DA:4,4
DA:8,4
DA:13,4
DA:18,4
DA:23,4
DA:28,4
DA:34,4
DA:40,282
DA:44,282
DA:45,282
DA:46,282
DA:53,800
DA:57,7
DA:64,7
DA:71,7
DA:78,10
DA:79,1
DA:83,9
DA:84,32
DA:85,3
DA:89,6
DA:96,4
DA:98,4
DA:99,17
DA:100,4
DA:104,4
DA:111,2
DA:112,2
DA:119,187
DA:120,187
DA:131,4
DA:142,5
DA:149,4
DA:151,4
DA:152,4
DA:160,1
DA:167,2
DA:168,2
DA:175,4
DA:177,5
DA:178,5
DA:186,1
DA:193,2
DA:194,2
DA:201,1
LF:45
LH:45
BRDA:4,0,0,4
BRDA:4,0,1,4
BRDA:46,1,0,282
BRDA:46,1,1,242
BRDA:78,2,0,1
BRDA:78,2,1,9
BRDA:84,3,0,3
BRDA:84,3,1,29
BRDA:99,4,0,4
BRDA:99,4,1,13
BRDA:168,5,0,2
BRDA:168,5,1,1
BRDA:194,6,0,2
BRDA:194,6,1,2
BRF:14
BRH:14
end_of_record
TN:
SF:src/core/MetadataStorage.ts
FN:20,(anonymous_0)
FN:29,(anonymous_1)
FN:100,(anonymous_2)
FN:102,(anonymous_3)
FN:110,(anonymous_4)
FN:111,(anonymous_5)
FN:127,(anonymous_6)
FN:128,(anonymous_7)
FN:143,(anonymous_8)
FN:179,(anonymous_9)
FN:180,(anonymous_10)
FN:197,(anonymous_11)
FN:198,(anonymous_12)
FN:215,(anonymous_13)
FN:216,(anonymous_14)
FN:233,(anonymous_15)
FN:234,(anonymous_16)
FN:237,(anonymous_17)
FN:244,(anonymous_18)
FNF:19
FNH:18
FNDA:3,(anonymous_0)
FNDA:3,(anonymous_1)
FNDA:3,(anonymous_2)
FNDA:285,(anonymous_3)
FNDA:10,(anonymous_4)
FNDA:10,(anonymous_5)
FNDA:14,(anonymous_6)
FNDA:11,(anonymous_7)
FNDA:35,(anonymous_8)
FNDA:3,(anonymous_9)
FNDA:6,(anonymous_10)
FNDA:2,(anonymous_11)
FNDA:2,(anonymous_12)
FNDA:1,(anonymous_13)
FNDA:1,(anonymous_14)
FNDA:272,(anonymous_15)
FNDA:278,(anonymous_16)
FNDA:2,(anonymous_17)
FNDA:0,(anonymous_18)
DA:20,3
DA:21,3
DA:22,3
DA:23,3
DA:24,3
DA:25,3
DA:26,3
DA:29,3
DA:30,3
DA:31,3
DA:32,3
DA:33,3
DA:96,3
DA:98,3
DA:103,285
DA:104,3
DA:106,285
DA:111,10
DA:112,10
DA:113,10
DA:115,0
DA:128,14
DA:129,14
DA:130,3
DA:138,3
DA:142,14
DA:143,35
DA:144,14
DA:146,0
DA:156,0
DA:159,14
DA:180,6
DA:181,3
DA:182,3
DA:190,3
DA:193,3
DA:198,2
DA:199,2
DA:200,0
DA:208,0
DA:211,2
DA:216,1
DA:217,1
DA:218,0
DA:226,0
DA:229,1
DA:234,278
DA:238,2
DA:245,0
LF:49
LH:41
BRDA:20,0,0,3
BRDA:20,0,1,3
BRDA:29,1,0,3
BRDA:29,1,1,3
BRDA:103,2,0,3
BRDA:103,2,1,282
BRDA:112,3,0,10
BRDA:112,3,1,0
BRDA:127,4,0,1
BRDA:129,5,0,3
BRDA:129,5,1,11
BRDA:142,6,0,14
BRDA:142,6,1,1
BRDA:143,7,0,35
BRDA:143,7,1,35
BRDA:144,8,0,0
BRDA:144,8,1,14
BRDA:151,9,0,0
BRDA:151,9,1,0
BRDA:152,10,0,0
BRDA:152,10,1,0
BRDA:153,11,0,0
BRDA:153,11,1,0
BRDA:154,12,0,0
BRDA:154,12,1,0
BRDA:162,13,0,14
BRDA:162,13,1,1
BRDA:163,14,0,14
BRDA:163,14,1,1
BRDA:164,15,0,14
BRDA:164,15,1,11
BRDA:165,16,0,14
BRDA:165,16,1,13
BRDA:181,17,0,3
BRDA:181,17,1,0
BRDA:199,18,0,0
BRDA:199,18,1,2
BRDA:217,19,0,0
BRDA:217,19,1,1
BRF:39
BRH:26
end_of_record
TN:
SF:src/core/ModelBuilder.ts
FN:11,(anonymous_0)
FN:19,(anonymous_1)
FN:22,(anonymous_2)
FN:33,(anonymous_3)
FN:36,(anonymous_4)
FN:47,(anonymous_5)
FN:50,(anonymous_6)
FN:61,(anonymous_7)
FN:64,(anonymous_8)
FN:75,(anonymous_9)
FN:78,(anonymous_10)
FN:93,(anonymous_11)
FN:96,(anonymous_12)
FN:110,(anonymous_13)
FN:113,(anonymous_14)
FN:133,(anonymous_15)
FN:139,(anonymous_16)
FN:155,(anonymous_17)
FN:158,(anonymous_18)
FN:171,(anonymous_19)
FN:181,(anonymous_20)
FN:184,(anonymous_21)
FN:195,(anonymous_22)
FN:200,(anonymous_23)
FN:212,(anonymous_24)
FN:217,(anonymous_25)
FN:229,(anonymous_26)
FN:232,(anonymous_27)
FN:243,(anonymous_28)
FN:246,(anonymous_29)
FN:257,(anonymous_30)
FN:260,(anonymous_31)
FN:275,(anonymous_32)
FN:280,(anonymous_33)
FN:291,(anonymous_34)
FN:296,(anonymous_35)
FN:298,(anonymous_36)
FN:314,(anonymous_37)
FN:319,(anonymous_38)
FN:327,(anonymous_39)
FN:335,(anonymous_40)
FN:339,(anonymous_41)
FN:357,(anonymous_42)
FN:358,(anonymous_43)
FN:361,(anonymous_44)
FN:363,(anonymous_45)
FN:380,(anonymous_46)
FN:384,(anonymous_47)
FN:401,(anonymous_48)
FN:409,(anonymous_49)
FN:414,(anonymous_50)
FN:431,(anonymous_51)
FN:439,(anonymous_52)
FN:444,(anonymous_53)
FN:461,(anonymous_54)
FN:470,(anonymous_55)
FN:478,(anonymous_56)
FN:505,(anonymous_57)
FN:526,(anonymous_58)
FN:544,(anonymous_59)
FN:555,(anonymous_60)
FN:582,(anonymous_61)
FN:616,(anonymous_62)
FN:628,(anonymous_63)
FN:644,(anonymous_64)
FNF:65
FNH:0
FNDA:0,(anonymous_0)
FNDA:0,(anonymous_1)
FNDA:0,(anonymous_2)
FNDA:0,(anonymous_3)
FNDA:0,(anonymous_4)
FNDA:0,(anonymous_5)
FNDA:0,(anonymous_6)
FNDA:0,(anonymous_7)
FNDA:0,(anonymous_8)
FNDA:0,(anonymous_9)
FNDA:0,(anonymous_10)
FNDA:0,(anonymous_11)
FNDA:0,(anonymous_12)
FNDA:0,(anonymous_13)
FNDA:0,(anonymous_14)
FNDA:0,(anonymous_15)
FNDA:0,(anonymous_16)
FNDA:0,(anonymous_17)
FNDA:0,(anonymous_18)
FNDA:0,(anonymous_19)
FNDA:0,(anonymous_20)
FNDA:0,(anonymous_21)
FNDA:0,(anonymous_22)
FNDA:0,(anonymous_23)
FNDA:0,(anonymous_24)
FNDA:0,(anonymous_25)
FNDA:0,(anonymous_26)
FNDA:0,(anonymous_27)
FNDA:0,(anonymous_28)
FNDA:0,(anonymous_29)
FNDA:0,(anonymous_30)
FNDA:0,(anonymous_31)
FNDA:0,(anonymous_32)
FNDA:0,(anonymous_33)
FNDA:0,(anonymous_34)
FNDA:0,(anonymous_35)
FNDA:0,(anonymous_36)
FNDA:0,(anonymous_37)
FNDA:0,(anonymous_38)
FNDA:0,(anonymous_39)
FNDA:0,(anonymous_40)
FNDA:0,(anonymous_41)
FNDA:0,(anonymous_42)
FNDA:0,(anonymous_43)
FNDA:0,(anonymous_44)
FNDA:0,(anonymous_45)
FNDA:0,(anonymous_46)
FNDA:0,(anonymous_47)
FNDA:0,(anonymous_48)
FNDA:0,(anonymous_49)
FNDA:0,(anonymous_50)
FNDA:0,(anonymous_51)
FNDA:0,(anonymous_52)
FNDA:0,(anonymous_53)
FNDA:0,(anonymous_54)
FNDA:0,(anonymous_55)
FNDA:0,(anonymous_56)
FNDA:0,(anonymous_57)
FNDA:0,(anonymous_58)
FNDA:0,(anonymous_59)
FNDA:0,(anonymous_60)
FNDA:0,(anonymous_61)
FNDA:0,(anonymous_62)
FNDA:0,(anonymous_63)
FNDA:0,(anonymous_64)
DA:1,2
DA:2,2
DA:10,2
DA:12,0
DA:13,0
DA:20,0
DA:21,0
DA:22,0
DA:23,0
DA:24,0
DA:27,0
DA:34,0
DA:35,0
DA:36,0
DA:37,0
DA:38,0
DA:41,0
DA:48,0
DA:49,0
DA:50,0
DA:51,0
DA:52,0
DA:55,0
DA:62,0
DA:63,0
DA:64,0
DA:65,0
DA:66,0
DA:69,0
DA:76,0
DA:77,0
DA:78,0
DA:79,0
DA:80,0
DA:83,0
DA:94,0
DA:95,0
DA:96,0
DA:97,0
DA:98,0
DA:101,0
DA:111,0
DA:112,0
DA:113,0
DA:114,0
DA:115,0
DA:116,0
DA:119,0
DA:137,0
DA:138,0
DA:139,0
DA:140,0
DA:141,0
DA:142,0
DA:143,0
DA:146,0
DA:156,0
DA:157,0
DA:158,0
DA:159,0
DA:160,0
DA:163,0
DA:170,2
DA:172,0
DA:173,0
DA:174,0
DA:175,0
DA:182,0
DA:183,0
DA:184,0
DA:185,0
DA:186,0
DA:189,0
DA:196,0
DA:197,0
DA:198,0
DA:199,0
DA:200,0
DA:201,0
DA:202,0
DA:206,0
DA:213,0
DA:214,0
DA:215,0
DA:216,0
DA:217,0
DA:218,0
DA:219,0
DA:223,0
DA:230,0
DA:231,0
DA:232,0
DA:233,0
DA:234,0
DA:237,0
DA:244,0
DA:245,0
DA:246,0
DA:247,0
DA:248,0
DA:251,0
DA:258,0
DA:259,0
DA:260,0
DA:261,0
DA:262,0
DA:263,0
DA:264,0
DA:267,0
DA:274,2
DA:275,0
DA:281,0
DA:282,0
DA:283,0
DA:285,0
DA:292,0
DA:293,0
DA:294,0
DA:296,0
DA:298,0
DA:299,0
DA:300,0
DA:303,0
DA:315,0
DA:316,0
DA:317,0
DA:319,0
DA:321,0
DA:328,0
DA:329,0
DA:336,0
DA:337,0
DA:338,0
DA:339,0
DA:340,0
DA:342,0
DA:343,0
DA:351,0
DA:358,0
DA:359,0
DA:360,0
DA:361,0
DA:362,0
DA:363,0
DA:365,0
DA:366,0
DA:374,0
DA:381,0
DA:382,0
DA:383,0
DA:384,0
DA:385,0
DA:387,0
DA:388,0
DA:395,0
DA:405,0
DA:407,0
DA:408,0
DA:409,0
DA:410,0
DA:411,0
DA:414,0
DA:420,0
DA:435,0
DA:437,0
DA:438,0
DA:439,0
DA:440,0
DA:441,0
DA:444,0
DA:450,0
DA:466,0
DA:468,0
DA:469,0
DA:470,0
DA:471,0
DA:472,0
DA:473,0
DA:475,0
DA:478,0
DA:487,0
DA:506,0
DA:507,0
DA:508,0
DA:510,0
DA:527,0
DA:528,0
DA:529,0
DA:531,0
DA:553,0
DA:554,0
DA:555,0
DA:556,0
DA:557,0
DA:569,0
DA:589,0
DA:590,0
DA:592,0
DA:593,0
DA:594,0
DA:597,0
DA:604,0
DA:620,0
DA:621,0
DA:623,0
DA:625,0
DA:628,0
DA:633,0
DA:640,2
DA:646,0
DA:647,0
DA:649,0
DA:651,0
LF:213
LH:6
BRDA:21,0,0,0
BRDA:21,0,1,0
BRDA:23,1,0,0
BRDA:23,1,1,0
BRDA:35,2,0,0
BRDA:35,2,1,0
BRDA:37,3,0,0
BRDA:37,3,1,0
BRDA:49,4,0,0
BRDA:49,4,1,0
BRDA:51,5,0,0
BRDA:51,5,1,0
BRDA:63,6,0,0
BRDA:63,6,1,0
BRDA:65,7,0,0
BRDA:65,7,1,0
BRDA:77,8,0,0
BRDA:77,8,1,0
BRDA:79,9,0,0
BRDA:79,9,1,0
BRDA:95,10,0,0
BRDA:95,10,1,0
BRDA:97,11,0,0
BRDA:97,11,1,0
BRDA:112,12,0,0
BRDA:112,12,1,0
BRDA:114,13,0,0
BRDA:114,13,1,0
BRDA:138,14,0,0
BRDA:138,14,1,0
BRDA:140,15,0,0
BRDA:140,15,1,0
BRDA:157,16,0,0
BRDA:157,16,1,0
BRDA:159,17,0,0
BRDA:159,17,1,0
BRDA:183,18,0,0
BRDA:183,18,1,0
BRDA:185,19,0,0
BRDA:185,19,1,0
BRDA:196,20,0,0
BRDA:196,20,1,0
BRDA:199,21,0,0
BRDA:199,21,1,0
BRDA:201,22,0,0
BRDA:201,22,1,0
BRDA:213,23,0,0
BRDA:213,23,1,0
BRDA:216,24,0,0
BRDA:216,24,1,0
BRDA:218,25,0,0
BRDA:218,25,1,0
BRDA:231,26,0,0
BRDA:231,26,1,0
BRDA:233,27,0,0
BRDA:233,27,1,0
BRDA:245,28,0,0
BRDA:245,28,1,0
BRDA:247,29,0,0
BRDA:247,29,1,0
BRDA:259,30,0,0
BRDA:259,30,1,0
BRDA:261,31,0,0
BRDA:261,31,1,0
BRDA:282,32,0,0
BRDA:282,32,1,0
BRDA:294,33,0,0
BRDA:294,33,1,0
BRDA:299,34,0,0
BRDA:299,34,1,0
BRDA:316,35,0,0
BRDA:316,35,1,0
BRDA:338,36,0,0
BRDA:338,36,1,0
BRDA:340,37,0,0
BRDA:340,37,1,0
BRDA:342,38,0,0
BRDA:342,38,1,0
BRDA:346,39,0,0
BRDA:346,39,1,0
BRDA:360,40,0,0
BRDA:360,40,1,0
BRDA:362,41,0,0
BRDA:362,41,1,0
BRDA:365,42,0,0
BRDA:365,42,1,0
BRDA:369,43,0,0
BRDA:369,43,1,0
BRDA:383,44,0,0
BRDA:383,44,1,0
BRDA:385,45,0,0
BRDA:385,45,1,0
BRDA:387,46,0,0
BRDA:387,46,1,0
BRDA:408,47,0,0
BRDA:408,47,1,0
BRDA:410,48,0,0
BRDA:410,48,1,0
BRDA:438,49,0,0
BRDA:438,49,1,0
BRDA:440,50,0,0
BRDA:440,50,1,0
BRDA:469,51,0,0
BRDA:469,51,1,0
BRDA:471,52,0,0
BRDA:471,52,1,0
BRDA:480,53,0,0
BRDA:480,53,1,0
BRDA:481,54,0,0
BRDA:481,54,1,0
BRDA:482,55,0,0
BRDA:482,55,1,0
BRDA:507,56,0,0
BRDA:507,56,1,0
BRDA:528,57,0,0
BRDA:528,57,1,0
BRDA:554,58,0,0
BRDA:554,58,1,0
BRDA:556,59,0,0
BRDA:556,59,1,0
BRDA:560,60,0,0
BRDA:560,60,1,0
BRDA:592,61,0,0
BRDA:592,61,1,0
BRDA:593,62,0,0
BRDA:593,62,1,0
BRDA:600,63,0,0
BRDA:600,63,1,0
BRDA:623,64,0,0
BRDA:623,64,1,0
BRDA:647,65,0,0
BRDA:647,65,1,0
BRF:132
BRH:0
end_of_record
TN:
SF:src/core/utils.ts
FN:5,extractPropertyName
FNF:1
FNH:0
FNDA:0,extractPropertyName
DA:5,3
DA:6,0
DA:9,0
DA:10,0
DA:11,0
DA:15,0
DA:16,0
DA:17,0
DA:20,0
LF:9
LH:1
BRDA:10,0,0,0
BRDA:10,0,1,0
BRDA:16,1,0,0
BRDA:16,1,1,0
BRF:4
BRH:0
end_of_record
TN:
SF:src/decorators/index.ts
FN:5,Entity
FN:7,(anonymous_1)
FN:18,Column
FN:19,(anonymous_3)
FN:38,PrimaryKey
FN:39,(anonymous_5)
FN:97,ManyToOne
FN:103,(anonymous_7)
FN:145,OneToMany
FN:151,(anonymous_9)
FN:183,OneToOne
FN:189,(anonymous_11)
FN:231,ManyToMany
FN:237,(anonymous_13)
FN:279,Index
FN:280,(anonymous_15)
FN:301,Unique
FN:302,(anonymous_17)
FN:311,(anonymous_18)
FN:311,(anonymous_19)
FNF:20
FNH:6
FNDA:3,Entity
FNDA:3,(anonymous_1)
FNDA:5,Column
FNDA:5,(anonymous_3)
FNDA:3,PrimaryKey
FNDA:3,(anonymous_5)
FNDA:0,ManyToOne
FNDA:0,(anonymous_7)
FNDA:0,OneToMany
FNDA:0,(anonymous_9)
FNDA:0,OneToOne
FNDA:0,(anonymous_11)
FNDA:0,ManyToMany
FNDA:0,(anonymous_13)
FNDA:0,Index
FNDA:0,(anonymous_15)
FNDA:0,Unique
FNDA:0,(anonymous_17)
FNDA:0,(anonymous_18)
FNDA:0,(anonymous_19)
DA:1,3
DA:2,3
DA:3,3
DA:5,3
DA:7,3
DA:8,3
DA:18,3
DA:19,5
DA:20,5
DA:21,5
DA:23,5
DA:24,5
DA:25,1
DA:26,0
DA:27,0
DA:30,5
DA:38,3
DA:39,3
DA:40,3
DA:41,3
DA:43,3
DA:45,3
DA:97,3
DA:103,0
DA:104,0
DA:105,0
DA:107,0
DA:120,0
DA:123,0
DA:145,3
DA:151,0
DA:152,0
DA:154,0
DA:165,0
DA:183,3
DA:189,0
DA:190,0
DA:191,0
DA:193,0
DA:206,0
DA:209,0
DA:231,3
DA:237,0
DA:238,0
DA:239,0
DA:240,0
DA:243,0
DA:244,0
DA:245,0
DA:246,0
DA:248,0
DA:262,0
DA:279,3
DA:280,0
DA:281,0
DA:301,3
DA:302,0
DA:303,0
DA:311,3
LF:59
LH:27
BRDA:8,0,0,3
BRDA:8,0,1,0
BRDA:18,1,0,5
BRDA:23,2,0,5
BRDA:23,2,1,0
BRDA:23,3,0,5
BRDA:23,3,1,5
BRDA:24,4,0,4
BRDA:24,4,1,1
BRDA:25,5,0,1
BRDA:25,5,1,0
BRDA:26,6,0,0
BRDA:26,6,1,0
BRDA:27,7,0,0
BRDA:27,7,1,0
BRDA:31,8,0,5
BRDA:31,8,1,5
BRDA:43,9,0,0
BRDA:43,9,1,3
BRDA:101,10,0,0
BRDA:104,11,0,0
BRDA:104,11,1,0
BRDA:105,12,0,0
BRDA:105,12,1,0
BRDA:114,13,0,0
BRDA:114,13,1,0
BRDA:114,14,0,0
BRDA:114,14,1,0
BRDA:115,15,0,0
BRDA:115,15,1,0
BRDA:126,16,0,0
BRDA:126,16,1,0
BRDA:149,17,0,0
BRDA:152,18,0,0
BRDA:152,18,1,0
BRDA:160,19,0,0
BRDA:160,19,1,0
BRDA:161,20,0,0
BRDA:161,20,1,0
BRDA:187,21,0,0
BRDA:190,22,0,0
BRDA:190,22,1,0
BRDA:191,23,0,0
BRDA:191,23,1,0
BRDA:200,24,0,0
BRDA:200,24,1,0
BRDA:200,25,0,0
BRDA:200,25,1,0
BRDA:201,26,0,0
BRDA:201,26,1,0
BRDA:212,27,0,0
BRDA:212,27,1,0
BRDA:235,28,0,0
BRDA:238,29,0,0
BRDA:238,29,1,0
BRDA:244,30,0,0
BRDA:244,30,1,0
BRDA:245,31,0,0
BRDA:245,31,1,0
BRDA:246,32,0,0
BRDA:246,32,1,0
BRDA:257,33,0,0
BRDA:257,33,1,0
BRDA:258,34,0,0
BRDA:258,34,1,0
BRDA:279,35,0,0
BRDA:284,36,0,0
BRDA:284,36,1,0
BRF:68
BRH:11
end_of_record
TN:
SF:src/providers/MSSQLProvider.ts
FN:13,(anonymous_9)
FN:17,(anonymous_10)
FN:36,(anonymous_11)
FN:40,(anonymous_12)
FN:47,(anonymous_13)
FN:58,(anonymous_14)
FN:71,(anonymous_15)
FN:77,(anonymous_16)
FN:84,(anonymous_17)
FN:91,(anonymous_18)
FN:120,(anonymous_19)
FN:121,(anonymous_20)
FN:142,(anonymous_21)
FN:147,(anonymous_22)
FN:153,(anonymous_23)
FN:154,(anonymous_24)
FN:155,(anonymous_25)
FN:159,(anonymous_26)
FN:160,(anonymous_27)
FN:164,(anonymous_28)
FN:168,(anonymous_29)
FN:173,(anonymous_30)
FN:178,(anonymous_31)
FN:189,(anonymous_32)
FN:204,(anonymous_33)
FN:208,(anonymous_34)
FN:222,(anonymous_35)
FN:243,(anonymous_36)
FN:254,(anonymous_37)
FN:263,(anonymous_38)
FNF:30
FNH:0
FNDA:0,(anonymous_9)
FNDA:0,(anonymous_10)
FNDA:0,(anonymous_11)
FNDA:0,(anonymous_12)
FNDA:0,(anonymous_13)
FNDA:0,(anonymous_14)
FNDA:0,(anonymous_15)
FNDA:0,(anonymous_16)
FNDA:0,(anonymous_17)
FNDA:0,(anonymous_18)
FNDA:0,(anonymous_19)
FNDA:0,(anonymous_20)
FNDA:0,(anonymous_21)
FNDA:0,(anonymous_22)
FNDA:0,(anonymous_23)
FNDA:0,(anonymous_24)
FNDA:0,(anonymous_25)
FNDA:0,(anonymous_26)
FNDA:0,(anonymous_27)
FNDA:0,(anonymous_28)
FNDA:0,(anonymous_29)
FNDA:0,(anonymous_30)
FNDA:0,(anonymous_31)
FNDA:0,(anonymous_32)
FNDA:0,(anonymous_33)
FNDA:0,(anonymous_34)
FNDA:0,(anonymous_35)
FNDA:0,(anonymous_36)
FNDA:0,(anonymous_37)
FNDA:0,(anonymous_38)
DA:1,2
DA:8,2
DA:9,0
DA:10,0
DA:14,0
DA:18,0
DA:37,0
DA:41,0
DA:42,0
DA:43,0
DA:48,0
DA:49,0
DA:52,0
DA:57,0
DA:58,0
DA:59,0
DA:63,0
DA:65,0
DA:72,0
DA:73,0
DA:74,0
DA:78,0
DA:79,0
DA:80,0
DA:85,0
DA:86,0
DA:87,0
DA:93,0
DA:107,0
DA:110,0
DA:111,0
DA:113,0
DA:114,0
DA:117,0
DA:121,0
DA:122,0
DA:124,0
DA:126,0
DA:127,0
DA:129,0
DA:131,0
DA:132,0
DA:135,0
DA:138,0
DA:143,0
DA:144,0
DA:150,0
DA:154,0
DA:155,0
DA:156,0
DA:160,0
DA:161,0
DA:165,0
DA:169,0
DA:170,0
DA:175,0
DA:179,0
DA:190,0
DA:193,0
DA:201,0
DA:205,0
DA:209,0
DA:210,0
DA:213,0
DA:214,0
DA:215,0
DA:216,0
DA:217,0
DA:219,0
DA:230,0
DA:231,0
DA:233,0
DA:234,0
DA:236,0
DA:237,0
DA:240,0
DA:249,0
DA:250,0
DA:251,0
DA:259,0
DA:260,0
DA:273,0
DA:275,0
LF:83
LH:2
BRDA:29,0,0,0
BRDA:29,0,1,0
BRDA:30,1,0,0
BRDA:30,1,1,0
BRDA:31,2,0,0
BRDA:31,2,1,0
BRDA:41,3,0,0
BRDA:41,3,1,0
BRDA:48,4,0,0
BRDA:48,4,1,0
BRDA:52,5,0,0
BRDA:52,5,1,0
BRDA:57,6,0,0
BRDA:57,6,1,0
BRDA:66,7,0,0
BRDA:66,7,1,0
BRDA:67,8,0,0
BRDA:67,8,1,0
BRDA:72,9,0,0
BRDA:72,9,1,0
BRDA:78,10,0,0
BRDA:78,10,1,0
BRDA:85,11,0,0
BRDA:85,11,1,0
BRDA:110,12,0,0
BRDA:110,12,1,0
BRDA:113,13,0,0
BRDA:113,13,1,0
BRDA:113,14,0,0
BRDA:113,14,1,0
BRDA:117,15,0,0
BRDA:117,15,1,0
BRDA:124,16,0,0
BRDA:124,16,1,0
BRDA:126,17,0,0
BRDA:126,17,1,0
BRDA:131,18,0,0
BRDA:131,18,1,0
BRDA:169,19,0,0
BRDA:169,19,1,0
BRDA:201,20,0,0
BRDA:201,20,1,0
BRDA:213,21,0,0
BRDA:213,21,1,0
BRDA:213,22,0,0
BRDA:213,22,1,0
BRDA:214,23,0,0
BRDA:214,23,1,0
BRDA:214,24,0,0
BRDA:214,24,1,0
BRDA:215,25,0,0
BRDA:215,25,1,0
BRDA:215,26,0,0
BRDA:215,26,1,0
BRDA:216,27,0,0
BRDA:216,27,1,0
BRDA:216,28,0,0
BRDA:216,28,1,0
BRDA:217,29,0,0
BRDA:217,29,1,0
BRDA:217,30,0,0
BRDA:217,30,1,0
BRDA:217,30,2,0
BRDA:233,31,0,0
BRDA:233,31,1,0
BRDA:236,32,0,0
BRDA:236,32,1,0
BRDA:249,33,0,0
BRDA:249,33,1,0
BRDA:270,34,0,0
BRDA:271,35,0,0
BRDA:273,36,0,0
BRDA:273,36,1,0
BRF:73
BRH:0
end_of_record
TN:
SF:src/providers/MariaDBProvider.ts
FN:13,(anonymous_9)
FN:17,(anonymous_10)
FN:29,(anonymous_11)
FN:33,(anonymous_12)
FN:41,(anonymous_13)
FN:62,(anonymous_14)
FN:68,(anonymous_15)
FN:75,(anonymous_16)
FN:82,(anonymous_17)
FN:108,(anonymous_18)
FN:109,(anonymous_19)
FN:129,(anonymous_20)
FN:134,(anonymous_21)
FN:139,(anonymous_22)
FN:140,(anonymous_23)
FN:141,(anonymous_24)
FN:145,(anonymous_25)
FN:146,(anonymous_26)
FN:150,(anonymous_27)
FN:154,(anonymous_28)
FN:159,(anonymous_29)
FN:163,(anonymous_30)
FN:174,(anonymous_31)
FN:188,(anonymous_32)
FN:192,(anonymous_33)
FN:206,(anonymous_34)
FN:227,(anonymous_35)
FN:238,(anonymous_36)
FN:247,(anonymous_37)
FNF:29
FNH:0
FNDA:0,(anonymous_9)
FNDA:0,(anonymous_10)
FNDA:0,(anonymous_11)
FNDA:0,(anonymous_12)
FNDA:0,(anonymous_13)
FNDA:0,(anonymous_14)
FNDA:0,(anonymous_15)
FNDA:0,(anonymous_16)
FNDA:0,(anonymous_17)
FNDA:0,(anonymous_18)
FNDA:0,(anonymous_19)
FNDA:0,(anonymous_20)
FNDA:0,(anonymous_21)
FNDA:0,(anonymous_22)
FNDA:0,(anonymous_23)
FNDA:0,(anonymous_24)
FNDA:0,(anonymous_25)
FNDA:0,(anonymous_26)
FNDA:0,(anonymous_27)
FNDA:0,(anonymous_28)
FNDA:0,(anonymous_29)
FNDA:0,(anonymous_30)
FNDA:0,(anonymous_31)
FNDA:0,(anonymous_32)
FNDA:0,(anonymous_33)
FNDA:0,(anonymous_34)
FNDA:0,(anonymous_35)
FNDA:0,(anonymous_36)
FNDA:0,(anonymous_37)
DA:1,2
DA:8,2
DA:10,0
DA:11,0
DA:14,0
DA:18,0
DA:30,0
DA:34,0
DA:35,0
DA:36,0
DA:38,0
DA:42,0
DA:44,0
DA:45,0
DA:48,0
DA:49,0
DA:51,0
DA:56,0
DA:57,0
DA:63,0
DA:64,0
DA:65,0
DA:69,0
DA:70,0
DA:71,0
DA:76,0
DA:77,0
DA:78,0
DA:84,0
DA:98,0
DA:101,0
DA:102,0
DA:105,0
DA:109,0
DA:110,0
DA:112,0
DA:114,0
DA:115,0
DA:117,0
DA:119,0
DA:120,0
DA:123,0
DA:126,0
DA:130,0
DA:131,0
DA:136,0
DA:140,0
DA:141,0
DA:142,0
DA:146,0
DA:147,0
DA:151,0
DA:155,0
DA:156,0
DA:160,0
DA:164,0
DA:175,0
DA:178,0
DA:185,0
DA:189,0
DA:193,0
DA:194,0
DA:197,0
DA:198,0
DA:199,0
DA:200,0
DA:201,0
DA:203,0
DA:214,0
DA:215,0
DA:217,0
DA:218,0
DA:220,0
DA:221,0
DA:224,0
DA:233,0
DA:234,0
DA:235,0
DA:243,0
DA:244,0
DA:257,0
DA:259,0
LF:82
LH:2
BRDA:24,0,0,0
BRDA:24,0,1,0
BRDA:25,1,0,0
BRDA:25,1,1,0
BRDA:34,2,0,0
BRDA:34,2,1,0
BRDA:42,3,0,0
BRDA:42,3,1,0
BRDA:48,4,0,0
BRDA:48,4,1,0
BRDA:49,5,0,0
BRDA:49,5,1,0
BRDA:56,6,0,0
BRDA:56,6,1,0
BRDA:63,7,0,0
BRDA:63,7,1,0
BRDA:69,8,0,0
BRDA:69,8,1,0
BRDA:69,9,0,0
BRDA:69,9,1,0
BRDA:76,10,0,0
BRDA:76,10,1,0
BRDA:76,11,0,0
BRDA:76,11,1,0
BRDA:101,12,0,0
BRDA:101,12,1,0
BRDA:101,13,0,0
BRDA:101,13,1,0
BRDA:105,14,0,0
BRDA:105,14,1,0
BRDA:112,15,0,0
BRDA:112,15,1,0
BRDA:114,16,0,0
BRDA:114,16,1,0
BRDA:119,17,0,0
BRDA:119,17,1,0
BRDA:155,18,0,0
BRDA:155,18,1,0
BRDA:185,19,0,0
BRDA:185,19,1,0
BRDA:197,20,0,0
BRDA:197,20,1,0
BRDA:197,21,0,0
BRDA:197,21,1,0
BRDA:198,22,0,0
BRDA:198,22,1,0
BRDA:198,23,0,0
BRDA:198,23,1,0
BRDA:199,24,0,0
BRDA:199,24,1,0
BRDA:199,25,0,0
BRDA:199,25,1,0
BRDA:200,26,0,0
BRDA:200,26,1,0
BRDA:200,27,0,0
BRDA:200,27,1,0
BRDA:201,28,0,0
BRDA:201,28,1,0
BRDA:201,29,0,0
BRDA:201,29,1,0
BRDA:201,29,2,0
BRDA:217,30,0,0
BRDA:217,30,1,0
BRDA:220,31,0,0
BRDA:220,31,1,0
BRDA:233,32,0,0
BRDA:233,32,1,0
BRDA:254,33,0,0
BRDA:255,34,0,0
BRDA:257,35,0,0
BRDA:257,35,1,0
BRF:71
BRH:0
end_of_record
TN:
SF:src/providers/PostgreSQLProvider.ts
FN:12,(anonymous_0)
FN:16,(anonymous_1)
FN:29,(anonymous_2)
FN:33,(anonymous_3)
FN:41,(anonymous_4)
FN:52,(anonymous_5)
FN:57,(anonymous_6)
FN:65,(anonymous_7)
FN:73,(anonymous_8)
FN:98,(anonymous_9)
FN:99,(anonymous_10)
FN:119,(anonymous_11)
FN:124,(anonymous_12)
FN:128,(anonymous_13)
FN:129,(anonymous_14)
FN:130,(anonymous_15)
FN:134,(anonymous_16)
FN:135,(anonymous_17)
FN:139,(anonymous_18)
FN:143,(anonymous_19)
FN:148,(anonymous_20)
FN:152,(anonymous_21)
FN:163,(anonymous_22)
FN:177,(anonymous_23)
FN:181,(anonymous_24)
FN:195,(anonymous_25)
FN:216,(anonymous_26)
FN:227,(anonymous_27)
FN:236,(anonymous_28)
FNF:29
FNH:0
FNDA:0,(anonymous_0)
FNDA:0,(anonymous_1)
FNDA:0,(anonymous_2)
FNDA:0,(anonymous_3)
FNDA:0,(anonymous_4)
FNDA:0,(anonymous_5)
FNDA:0,(anonymous_6)
FNDA:0,(anonymous_7)
FNDA:0,(anonymous_8)
FNDA:0,(anonymous_9)
FNDA:0,(anonymous_10)
FNDA:0,(anonymous_11)
FNDA:0,(anonymous_12)
FNDA:0,(anonymous_13)
FNDA:0,(anonymous_14)
FNDA:0,(anonymous_15)
FNDA:0,(anonymous_16)
FNDA:0,(anonymous_17)
FNDA:0,(anonymous_18)
FNDA:0,(anonymous_19)
FNDA:0,(anonymous_20)
FNDA:0,(anonymous_21)
FNDA:0,(anonymous_22)
FNDA:0,(anonymous_23)
FNDA:0,(anonymous_24)
FNDA:0,(anonymous_25)
FNDA:0,(anonymous_26)
FNDA:0,(anonymous_27)
FNDA:0,(anonymous_28)
DA:1,2
DA:8,2
DA:10,0
DA:13,0
DA:17,0
DA:30,0
DA:34,0
DA:35,0
DA:36,0
DA:38,0
DA:42,0
DA:46,0
DA:53,0
DA:54,0
DA:58,0
DA:59,0
DA:60,0
DA:61,0
DA:66,0
DA:67,0
DA:68,0
DA:69,0
DA:75,0
DA:90,0
DA:91,0
DA:92,0
DA:95,0
DA:99,0
DA:100,0
DA:102,0
DA:104,0
DA:105,0
DA:107,0
DA:109,0
DA:110,0
DA:113,0
DA:116,0
DA:120,0
DA:121,0
DA:125,0
DA:129,0
DA:130,0
DA:131,0
DA:135,0
DA:136,0
DA:140,0
DA:144,0
DA:145,0
DA:149,0
DA:153,0
DA:164,0
DA:167,0
DA:174,0
DA:178,0
DA:182,0
DA:183,0
DA:186,0
DA:187,0
DA:188,0
DA:189,0
DA:190,0
DA:192,0
DA:203,0
DA:204,0
DA:206,0
DA:207,0
DA:209,0
DA:210,0
DA:213,0
DA:222,0
DA:223,0
DA:224,0
DA:232,0
DA:233,0
DA:246,0
DA:248,0
LF:76
LH:2
BRDA:34,0,0,0
BRDA:34,0,1,0
BRDA:42,1,0,0
BRDA:42,1,1,0
BRDA:48,2,0,0
BRDA:48,2,1,0
BRDA:53,3,0,0
BRDA:53,3,1,0
BRDA:58,4,0,0
BRDA:58,4,1,0
BRDA:66,5,0,0
BRDA:66,5,1,0
BRDA:91,6,0,0
BRDA:91,6,1,0
BRDA:95,7,0,0
BRDA:95,7,1,0
BRDA:102,8,0,0
BRDA:102,8,1,0
BRDA:104,9,0,0
BRDA:104,9,1,0
BRDA:109,10,0,0
BRDA:109,10,1,0
BRDA:144,11,0,0
BRDA:144,11,1,0
BRDA:174,12,0,0
BRDA:174,12,1,0
BRDA:186,13,0,0
BRDA:186,13,1,0
BRDA:186,14,0,0
BRDA:186,14,1,0
BRDA:187,15,0,0
BRDA:187,15,1,0
BRDA:187,16,0,0
BRDA:187,16,1,0
BRDA:188,17,0,0
BRDA:188,17,1,0
BRDA:188,18,0,0
BRDA:188,18,1,0
BRDA:189,19,0,0
BRDA:189,19,1,0
BRDA:189,20,0,0
BRDA:189,20,1,0
BRDA:190,21,0,0
BRDA:190,21,1,0
BRDA:190,22,0,0
BRDA:190,22,1,0
BRDA:206,23,0,0
BRDA:206,23,1,0
BRDA:209,24,0,0
BRDA:209,24,1,0
BRDA:222,25,0,0
BRDA:222,25,1,0
BRDA:243,26,0,0
BRDA:244,27,0,0
BRDA:246,28,0,0
BRDA:246,28,1,0
BRF:56
BRH:0
end_of_record
TN:
SF:test/test-config.ts
FN:39,createTestProvider
FN:65,getTestProviders
FN:79,sleep
FN:80,(anonymous_3)
FN:86,uniqueTableName
FNF:5
FNH:2
FNDA:5,createTestProvider
FNDA:1,getTestProviders
FNDA:0,sleep
FNDA:0,(anonymous_3)
FNDA:0,uniqueTableName
DA:1,2
DA:2,2
DA:3,2
DA:4,2
DA:6,2
DA:11,2
DA:39,2
DA:41,5
DA:43,5
DA:44,5
DA:47,0
DA:49,0
DA:51,0
DA:53,0
DA:55,0
DA:57,0
DA:65,2
DA:66,1
DA:68,1
DA:69,1
DA:72,0
DA:73,0
DA:79,2
DA:80,0
DA:86,2
DA:87,0
LF:26
LH:16
BRDA:13,0,0,2
BRDA:13,0,1,2
BRDA:14,1,0,2
BRDA:14,1,1,2
BRDA:15,2,0,2
BRDA:15,2,1,2
BRDA:16,3,0,2
BRDA:16,3,1,2
BRDA:17,4,0,2
BRDA:17,4,1,2
BRDA:20,5,0,2
BRDA:20,5,1,2
BRDA:21,6,0,2
BRDA:21,6,1,2
BRDA:22,7,0,2
BRDA:22,7,1,2
BRDA:23,8,0,2
BRDA:23,8,1,2
BRDA:24,9,0,2
BRDA:24,9,1,2
BRDA:27,10,0,2
BRDA:27,10,1,2
BRDA:28,11,0,2
BRDA:28,11,1,2
BRDA:29,12,0,2
BRDA:29,12,1,2
BRDA:30,13,0,2
BRDA:30,13,1,2
BRDA:31,14,0,2
BRDA:31,14,1,2
BRDA:39,15,0,0
BRDA:43,16,0,5
BRDA:43,16,1,0
BRDA:43,17,0,5
BRDA:43,17,1,0
BRDA:49,18,0,0
BRDA:49,18,1,0
BRDA:49,18,2,0
BRDA:49,18,3,0
BRDA:68,19,0,1
BRDA:68,19,1,0
BRDA:72,20,0,0
BRDA:72,20,1,0
BRF:43
BRH:33
end_of_record
TN:
SF:test/mocks/MockDatabaseProvider.ts
FN:15,(anonymous_0)
FN:19,(anonymous_1)
FN:23,(anonymous_2)
FN:27,(anonymous_3)
FN:33,(anonymous_4)
FN:81,(anonymous_5)
FN:90,(anonymous_6)
FN:95,(anonymous_7)
FN:103,(anonymous_8)
FN:107,(anonymous_9)
FN:114,(anonymous_10)
FN:118,(anonymous_11)
FN:119,(anonymous_12)
FN:125,(anonymous_13)
FN:129,(anonymous_14)
FN:133,(anonymous_15)
FN:140,(anonymous_16)
FN:144,(anonymous_17)
FN:148,(anonymous_18)
FN:152,(anonymous_19)
FN:166,(anonymous_20)
FN:176,(anonymous_21)
FN:184,(anonymous_22)
FN:197,(anonymous_23)
FN:198,(anonymous_24)
FN:199,(anonymous_25)
FN:203,(anonymous_26)
FN:204,(anonymous_27)
FN:208,(anonymous_28)
FN:212,(anonymous_29)
FN:216,(anonymous_30)
FN:222,(anonymous_31)
FN:226,(anonymous_32)
FN:232,(anonymous_33)
FN:246,(anonymous_34)
FN:252,(anonymous_35)
FN:270,(anonymous_36)
FN:318,(anonymous_37)
FN:338,(anonymous_38)
FN:348,(anonymous_39)
FN:349,(anonymous_40)
FN:356,(anonymous_41)
FN:367,(anonymous_42)
FN:394,(anonymous_43)
FN:403,(anonymous_44)
FN:420,(anonymous_45)
FN:438,(anonymous_46)
FN:447,(anonymous_47)
FNF:48
FNH:31
FNDA:5,(anonymous_0)
FNDA:4,(anonymous_1)
FNDA:1,(anonymous_2)
FNDA:1,(anonymous_3)
FNDA:231,(anonymous_4)
FNDA:17,(anonymous_5)
FNDA:16,(anonymous_6)
FNDA:1,(anonymous_7)
FNDA:749,(anonymous_8)
FNDA:1,(anonymous_9)
FNDA:0,(anonymous_10)
FNDA:1,(anonymous_11)
FNDA:4,(anonymous_12)
FNDA:4,(anonymous_13)
FNDA:0,(anonymous_14)
FNDA:1,(anonymous_15)
FNDA:0,(anonymous_16)
FNDA:0,(anonymous_17)
FNDA:0,(anonymous_18)
FNDA:0,(anonymous_19)
FNDA:0,(anonymous_20)
FNDA:0,(anonymous_21)
FNDA:0,(anonymous_22)
FNDA:0,(anonymous_23)
FNDA:0,(anonymous_24)
FNDA:0,(anonymous_25)
FNDA:0,(anonymous_26)
FNDA:0,(anonymous_27)
FNDA:0,(anonymous_28)
FNDA:8,(anonymous_29)
FNDA:0,(anonymous_30)
FNDA:0,(anonymous_31)
FNDA:183,(anonymous_32)
FNDA:181,(anonymous_33)
FNDA:724,(anonymous_34)
FNDA:724,(anonymous_35)
FNDA:27,(anonymous_36)
FNDA:1,(anonymous_37)
FNDA:1,(anonymous_38)
FNDA:1,(anonymous_39)
FNDA:1,(anonymous_40)
FNDA:1,(anonymous_41)
FNDA:16,(anonymous_42)
FNDA:1,(anonymous_43)
FNDA:24,(anonymous_44)
FNDA:518,(anonymous_45)
FNDA:1,(anonymous_46)
FNDA:4,(anonymous_47)
DA:8,2
DA:9,5
DA:10,5
DA:11,5
DA:12,5
DA:13,5
DA:20,4
DA:24,1
DA:28,1
DA:29,1
DA:30,1
DA:34,231
DA:35,0
DA:39,231
DA:42,231
DA:43,1
DA:44,1
DA:45,1
DA:47,1
DA:51,230
DA:52,1
DA:53,1
DA:54,1
DA:58,229
DA:59,181
DA:63,48
DA:64,27
DA:68,21
DA:69,1
DA:73,20
DA:74,16
DA:78,4
DA:82,17
DA:84,17
DA:85,17
DA:86,17
DA:91,16
DA:92,16
DA:96,1
DA:97,1
DA:99,1
DA:100,1
DA:104,749
DA:108,1
DA:109,0
DA:111,1
DA:115,0
DA:119,1
DA:120,4
DA:122,1
DA:126,4
DA:130,0
DA:134,1
DA:141,0
DA:145,0
DA:149,0
DA:160,0
DA:161,0
DA:162,0
DA:163,0
DA:172,0
DA:173,0
DA:181,0
DA:194,0
DA:198,0
DA:199,0
DA:200,0
DA:204,0
DA:205,0
DA:209,0
DA:213,8
DA:217,0
DA:218,0
DA:223,0
DA:227,183
DA:228,183
DA:229,183
DA:233,181
DA:234,181
DA:236,181
DA:237,0
DA:241,181
DA:242,181
DA:243,0
DA:246,724
DA:249,181
DA:250,181
DA:252,181
DA:253,724
DA:255,724
DA:256,181
DA:261,181
DA:262,1
DA:265,180
DA:267,180
DA:272,27
DA:273,27
DA:274,0
DA:277,27
DA:278,27
DA:280,27
DA:281,1
DA:284,26
DA:287,26
DA:288,22
DA:292,26
DA:293,1
DA:297,26
DA:298,26
DA:300,26
DA:301,1
DA:302,1
DA:305,26
DA:306,1
DA:307,1
DA:311,26
DA:312,1
DA:315,25
DA:319,1
DA:320,1
DA:321,0
DA:324,1
DA:325,1
DA:327,1
DA:328,0
DA:332,1
DA:333,1
DA:334,0
DA:337,1
DA:338,1
DA:339,1
DA:340,1
DA:344,1
DA:345,1
DA:346,1
DA:347,1
DA:348,1
DA:349,1
DA:354,1
DA:355,1
DA:356,1
DA:357,1
DA:358,1
DA:361,1
DA:364,1
DA:368,16
DA:369,16
DA:370,0
DA:373,16
DA:374,16
DA:376,16
DA:377,0
DA:380,16
DA:382,15
DA:383,15
DA:384,15
DA:388,1
DA:389,1
DA:390,1
DA:392,1
DA:393,1
DA:394,1
DA:395,1
DA:396,1
DA:400,1
DA:405,24
DA:406,24
DA:407,0
DA:410,24
DA:413,24
DA:414,24
DA:415,24
DA:416,24
DA:417,24
DA:418,24
DA:420,24
DA:421,518
DA:422,518
DA:423,513
DA:425,0
DA:426,5
DA:427,0
DA:428,0
DA:429,0
DA:430,0
DA:435,0
DA:439,1
DA:440,1
DA:441,0
DA:444,1
DA:445,1
DA:447,1
DA:448,4
DA:449,4
DA:451,4
DA:452,4
DA:453,4
DA:455,4
LF:198
LH:158
BRDA:34,0,0,0
BRDA:34,0,1,231
BRDA:42,1,0,1
BRDA:42,1,1,230
BRDA:44,2,0,1
BRDA:44,2,1,0
BRDA:51,3,0,1
BRDA:51,3,1,229
BRDA:58,4,0,181
BRDA:58,4,1,48
BRDA:63,5,0,27
BRDA:63,5,1,21
BRDA:68,6,0,1
BRDA:68,6,1,20
BRDA:73,7,0,16
BRDA:73,7,1,4
BRDA:96,8,0,1
BRDA:96,8,1,0
BRDA:108,9,0,0
BRDA:108,9,1,1
BRDA:161,10,0,0
BRDA:161,10,1,0
BRDA:162,11,0,0
BRDA:162,11,1,0
BRDA:172,12,0,0
BRDA:172,12,1,0
BRDA:191,13,0,0
BRDA:192,14,0,0
BRDA:213,15,0,8
BRDA:213,15,1,0
BRDA:217,16,0,0
BRDA:217,16,1,0
BRDA:229,17,0,183
BRDA:229,17,1,0
BRDA:236,18,0,0
BRDA:236,18,1,181
BRDA:242,19,0,0
BRDA:242,19,1,181
BRDA:242,20,0,181
BRDA:242,20,1,181
BRDA:255,21,0,181
BRDA:255,21,1,543
BRDA:261,22,0,1
BRDA:261,22,1,180
BRDA:273,23,0,0
BRDA:273,23,1,27
BRDA:280,24,0,1
BRDA:280,24,1,26
BRDA:287,25,0,22
BRDA:287,25,1,4
BRDA:292,26,0,1
BRDA:292,26,1,25
BRDA:300,27,0,1
BRDA:300,27,1,25
BRDA:305,28,0,1
BRDA:305,28,1,25
BRDA:311,29,0,1
BRDA:311,29,1,25
BRDA:320,30,0,0
BRDA:320,30,1,1
BRDA:320,31,0,1
BRDA:320,31,1,1
BRDA:327,32,0,0
BRDA:327,32,1,1
BRDA:333,33,0,0
BRDA:333,33,1,1
BRDA:340,34,0,1
BRDA:340,34,1,0
BRDA:345,35,0,1
BRDA:345,35,1,0
BRDA:357,36,0,1
BRDA:357,36,1,0
BRDA:357,37,0,1
BRDA:357,37,1,1
BRDA:369,38,0,0
BRDA:369,38,1,16
BRDA:376,39,0,0
BRDA:376,39,1,16
BRDA:380,40,0,15
BRDA:380,40,1,1
BRDA:394,41,0,1
BRDA:394,41,1,0
BRDA:406,42,0,0
BRDA:406,42,1,24
BRDA:414,43,0,24
BRDA:414,43,1,0
BRDA:414,44,0,24
BRDA:414,44,1,24
BRDA:422,45,0,513
BRDA:422,45,1,0
BRDA:422,45,2,0
BRDA:422,45,3,5
BRDA:422,45,4,0
BRDA:422,45,5,0
BRDA:422,45,6,0
BRDA:422,45,7,0
BRDA:440,46,0,0
BRDA:440,46,1,1
BRDA:445,47,0,0
BRDA:445,47,1,1
BRDA:451,48,0,0
BRDA:451,48,1,4
BRDA:452,49,0,0
BRDA:452,49,1,4
BRDA:452,50,0,4
BRDA:452,50,1,4
BRDA:453,51,0,0
BRDA:453,51,1,4
BRDA:453,52,0,4
BRDA:453,52,1,4
BRDA:455,53,0,4
BRDA:455,53,1,0
BRF:112
BRH:70
end_of_record
