TN:
SF:src/core/ChangeTracker.ts
FN:6,(anonymous_0)
FN:13,(anonymous_1)
FN:17,(anonymous_2)
FN:24,(anonymous_3)
FN:39,(anonymous_4)
FN:46,(anonymous_5)
FN:53,(anonymous_6)
FN:60,(anonymous_7)
FN:67,(anonymous_8)
FN:80,(anonymous_9)
FN:95,(anonymous_10)
FN:108,(anonymous_11)
FN:122,(anonymous_12)
FN:129,(anonymous_13)
FN:149,(anonymous_14)
FNF:15
FNH:15
FNDA:28,(anonymous_0)
FNDA:2,(anonymous_1)
FNDA:1,(anonymous_2)
FNDA:38,(anonymous_3)
FNDA:9,(anonymous_4)
FNDA:12,(anonymous_5)
FNDA:1,(anonymous_6)
FNDA:2,(anonymous_7)
FNDA:2,(anonymous_8)
FNDA:1,(anonymous_9)
FNDA:2,(anonymous_10)
FNDA:5,(anonymous_11)
FNDA:1,(anonymous_12)
FNDA:2,(anonymous_13)
FNDA:3,(anonymous_14)
DA:1,2
DA:6,2
DA:7,28
DA:8,28
DA:14,2
DA:18,1
DA:25,38
DA:26,3
DA:27,3
DA:28,3
DA:31,35
DA:32,35
DA:33,35
DA:40,9
DA:47,12
DA:54,1
DA:61,2
DA:68,2
DA:69,2
DA:70,6
DA:71,3
DA:74,2
DA:81,1
DA:82,1
DA:83,3
DA:86,2
DA:89,1
DA:96,2
DA:97,2
DA:98,2
DA:99,1
DA:109,5
DA:110,5
DA:113,2
DA:116,3
DA:123,1
DA:130,2
DA:132,2
DA:133,4
DA:134,2
DA:136,2
DA:141,2
DA:142,2
DA:156,3
DA:158,3
DA:159,5
DA:161,2
DA:162,2
DA:164,1
DA:165,1
DA:167,1
DA:168,1
DA:170,1
DA:171,1
DA:175,3
LF:55
LH:55
BRDA:25,0,0,3
BRDA:25,0,1,35
BRDA:70,1,0,3
BRDA:70,1,1,3
BRDA:83,2,0,2
BRDA:83,2,1,1
BRDA:83,3,0,3
BRDA:83,3,1,2
BRDA:83,3,2,1
BRDA:97,4,0,2
BRDA:97,4,1,0
BRDA:98,5,0,1
BRDA:98,5,1,1
BRDA:110,6,0,2
BRDA:110,6,1,3
BRDA:110,7,0,5
BRDA:110,7,1,3
BRDA:110,7,2,3
BRDA:133,8,0,2
BRDA:133,8,1,2
BRDA:159,9,0,2
BRDA:159,9,1,1
BRDA:159,9,2,1
BRDA:159,9,3,1
BRF:24
BRH:23
end_of_record
TN:
SF:src/core/DbContext.ts
FN:15,(anonymous_9)
FN:27,(anonymous_10)
FN:43,(anonymous_11)
FN:50,(anonymous_12)
FN:54,(anonymous_13)
FN:58,(anonymous_14)
FN:74,(anonymous_15)
FN:80,(anonymous_16)
FN:84,(anonymous_17)
FN:88,(anonymous_18)
FN:97,(anonymous_19)
FN:127,(anonymous_20)
FN:169,(anonymous_21)
FN:170,(anonymous_22)
FN:179,(anonymous_23)
FN:180,(anonymous_24)
FN:191,(anonymous_25)
FN:198,(anonymous_26)
FN:207,(anonymous_27)
FN:219,(anonymous_28)
FN:222,(anonymous_29)
FN:283,(anonymous_30)
FN:301,(anonymous_31)
FN:308,(anonymous_32)
FN:318,(anonymous_33)
FN:319,(anonymous_34)
FN:374,(anonymous_35)
FN:451,(anonymous_36)
FN:487,(anonymous_37)
FN:507,(anonymous_38)
FN:511,(anonymous_39)
FN:512,(anonymous_40)
FN:522,(anonymous_41)
FN:538,(anonymous_42)
FN:546,(anonymous_43)
FNF:35
FNH:4
FNDA:4,(anonymous_9)
FNDA:2,(anonymous_10)
FNDA:4,(anonymous_11)
FNDA:0,(anonymous_12)
FNDA:0,(anonymous_13)
FNDA:0,(anonymous_14)
FNDA:0,(anonymous_15)
FNDA:0,(anonymous_16)
FNDA:0,(anonymous_17)
FNDA:0,(anonymous_18)
FNDA:0,(anonymous_19)
FNDA:0,(anonymous_20)
FNDA:0,(anonymous_21)
FNDA:0,(anonymous_22)
FNDA:0,(anonymous_23)
FNDA:0,(anonymous_24)
FNDA:0,(anonymous_25)
FNDA:0,(anonymous_26)
FNDA:0,(anonymous_27)
FNDA:0,(anonymous_28)
FNDA:0,(anonymous_29)
FNDA:0,(anonymous_30)
FNDA:0,(anonymous_31)
FNDA:0,(anonymous_32)
FNDA:0,(anonymous_33)
FNDA:0,(anonymous_34)
FNDA:0,(anonymous_35)
FNDA:0,(anonymous_36)
FNDA:0,(anonymous_37)
FNDA:0,(anonymous_38)
FNDA:0,(anonymous_39)
FNDA:0,(anonymous_40)
FNDA:0,(anonymous_41)
FNDA:1,(anonymous_42)
FNDA:0,(anonymous_43)
DA:1,1
DA:3,1
DA:4,1
DA:5,1
DA:6,1
DA:11,1
DA:16,4
DA:17,4
DA:20,4
DA:21,4
DA:28,2
DA:51,0
DA:55,0
DA:59,0
DA:75,0
DA:76,0
DA:81,0
DA:85,0
DA:89,0
DA:99,0
DA:100,0
DA:103,0
DA:105,0
DA:106,0
DA:109,0
DA:111,0
DA:113,0
DA:116,0
DA:117,0
DA:118,0
DA:119,0
DA:121,0
DA:122,0
DA:123,0
DA:126,0
DA:127,0
DA:129,0
DA:130,0
DA:131,0
DA:134,0
DA:136,0
DA:137,0
DA:138,0
DA:141,0
DA:142,0
DA:143,0
DA:146,0
DA:147,0
DA:148,0
DA:153,0
DA:156,0
DA:158,0
DA:161,0
DA:162,0
DA:170,0
DA:172,0
DA:174,0
DA:176,0
DA:179,0
DA:180,0
DA:181,0
DA:184,0
DA:185,0
DA:188,0
DA:191,0
DA:193,0
DA:195,0
DA:198,0
DA:199,0
DA:200,0
DA:208,0
DA:210,0
DA:211,0
DA:214,0
DA:215,0
DA:216,0
DA:219,0
DA:221,0
DA:222,0
DA:223,0
DA:224,0
DA:226,0
DA:229,0
DA:230,0
DA:233,0
DA:238,0
DA:239,0
DA:240,0
DA:241,0
DA:242,0
DA:244,0
DA:247,0
DA:248,0
DA:251,0
DA:254,0
DA:255,0
DA:258,0
DA:261,0
DA:264,0
DA:265,0
DA:266,0
DA:267,0
DA:270,0
DA:272,0
DA:275,0
DA:276,0
DA:284,0
DA:287,0
DA:288,0
DA:291,0
DA:293,0
DA:295,0
DA:302,0
DA:309,0
DA:311,0
DA:312,0
DA:315,0
DA:319,0
DA:320,0
DA:323,0
DA:324,0
DA:326,0
DA:327,0
DA:328,0
DA:331,0
DA:332,0
DA:336,0
DA:337,0
DA:339,0
DA:340,0
DA:341,0
DA:343,0
DA:344,0
DA:345,0
DA:347,0
DA:348,0
DA:357,0
DA:358,0
DA:366,0
DA:367,0
DA:368,0
DA:369,0
DA:370,0
DA:371,0
DA:373,0
DA:374,0
DA:375,0
DA:376,0
DA:377,0
DA:386,0
DA:389,0
DA:390,0
DA:400,0
DA:401,0
DA:402,0
DA:403,0
DA:404,0
DA:405,0
DA:412,0
DA:415,0
DA:416,0
DA:423,0
DA:424,0
DA:425,0
DA:426,0
DA:427,0
DA:428,0
DA:434,0
DA:437,0
DA:438,0
DA:445,0
DA:446,0
DA:447,0
DA:448,0
DA:450,0
DA:451,0
DA:457,0
DA:458,0
DA:459,0
DA:461,0
DA:462,0
DA:463,0
DA:464,0
DA:467,0
DA:468,0
DA:469,0
DA:470,0
DA:471,0
DA:472,0
DA:474,0
DA:475,0
DA:483,0
DA:484,0
DA:485,0
DA:486,0
DA:487,0
DA:489,0
DA:490,0
DA:491,0
DA:495,0
DA:496,0
DA:498,0
DA:500,0
DA:501,0
DA:502,0
DA:503,0
DA:505,0
DA:507,0
DA:508,0
DA:511,0
DA:512,0
DA:513,0
DA:516,0
DA:517,0
DA:520,0
DA:522,0
DA:523,0
DA:526,0
DA:527,0
DA:528,0
DA:535,0
DA:539,1
DA:547,0
LF:223
LH:12
BRDA:99,0,0,0
BRDA:99,0,1,0
BRDA:105,1,0,0
BRDA:105,1,1,0
BRDA:121,2,0,0
BRDA:121,2,1,0
BRDA:129,3,0,0
BRDA:129,3,1,0
BRDA:134,4,0,0
BRDA:134,4,1,0
BRDA:134,4,2,0
BRDA:172,5,0,0
BRDA:172,5,1,0
BRDA:176,6,0,0
BRDA:176,6,1,0
BRDA:176,6,2,0
BRDA:176,6,3,0
BRDA:181,7,0,0
BRDA:181,7,1,0
BRDA:184,8,0,0
BRDA:184,8,1,0
BRDA:184,9,0,0
BRDA:184,9,1,0
BRDA:184,9,2,0
BRDA:184,9,3,0
BRDA:198,10,0,0
BRDA:198,10,1,0
BRDA:199,11,0,0
BRDA:199,11,1,0
BRDA:199,12,0,0
BRDA:199,12,1,0
BRDA:210,13,0,0
BRDA:210,13,1,0
BRDA:223,14,0,0
BRDA:223,14,1,0
BRDA:223,15,0,0
BRDA:223,15,1,0
BRDA:223,15,2,0
BRDA:229,16,0,0
BRDA:229,16,1,0
BRDA:229,17,0,0
BRDA:229,17,1,0
BRDA:229,17,2,0
BRDA:229,17,3,0
BRDA:240,18,0,0
BRDA:240,18,1,0
BRDA:247,19,0,0
BRDA:247,19,1,0
BRDA:254,20,0,0
BRDA:254,20,1,0
BRDA:254,21,0,0
BRDA:254,21,1,0
BRDA:254,21,2,0
BRDA:254,21,3,0
BRDA:275,22,0,0
BRDA:275,22,1,0
BRDA:287,23,0,0
BRDA:287,23,1,0
BRDA:287,24,0,0
BRDA:287,24,1,0
BRDA:287,24,2,0
BRDA:287,24,3,0
BRDA:301,25,0,0
BRDA:311,26,0,0
BRDA:311,26,1,0
BRDA:326,27,0,0
BRDA:326,27,1,0
BRDA:341,28,0,0
BRDA:341,28,1,0
BRDA:341,29,0,0
BRDA:341,29,1,0
BRDA:343,30,0,0
BRDA:343,30,1,0
BRDA:347,31,0,0
BRDA:347,31,1,0
BRDA:347,32,0,0
BRDA:347,32,1,0
BRDA:347,32,2,0
BRDA:369,33,0,0
BRDA:369,33,1,0
BRDA:369,34,0,0
BRDA:369,34,1,0
BRDA:369,34,2,0
BRDA:373,35,0,0
BRDA:373,35,1,0
BRDA:375,36,0,0
BRDA:375,36,1,0
BRDA:389,37,0,0
BRDA:389,37,1,0
BRDA:403,38,0,0
BRDA:403,38,1,0
BRDA:415,39,0,0
BRDA:415,39,1,0
BRDA:426,40,0,0
BRDA:426,40,1,0
BRDA:437,41,0,0
BRDA:437,41,1,0
BRDA:461,42,0,0
BRDA:461,42,1,0
BRDA:467,43,0,0
BRDA:467,43,1,0
BRDA:485,44,0,0
BRDA:485,44,1,0
BRDA:485,45,0,0
BRDA:485,45,1,0
BRDA:489,46,0,0
BRDA:489,46,1,0
BRDA:498,47,0,0
BRDA:498,47,1,0
BRDA:505,48,0,0
BRDA:505,48,1,0
BRDA:508,49,0,0
BRDA:508,49,1,0
BRDA:513,50,0,0
BRDA:513,50,1,0
BRDA:516,51,0,0
BRDA:516,51,1,0
BRDA:516,52,0,0
BRDA:516,52,1,0
BRDA:516,52,2,0
BRDA:516,52,3,0
BRF:121
BRH:0
end_of_record
TN:
SF:src/core/DbSet.ts
FN:13,(anonymous_0)
FN:19,(anonymous_1)
FN:26,(anonymous_2)
FN:35,(anonymous_3)
FN:45,(anonymous_4)
FN:54,(anonymous_5)
FN:64,(anonymous_6)
FN:73,(anonymous_7)
FN:79,(anonymous_8)
FN:83,(anonymous_9)
FN:88,(anonymous_10)
FN:100,(anonymous_11)
FN:109,(anonymous_12)
FN:116,(anonymous_13)
FN:123,(anonymous_14)
FN:130,(anonymous_15)
FN:137,(anonymous_16)
FN:146,(anonymous_17)
FN:150,(anonymous_18)
FN:165,(anonymous_19)
FN:175,(anonymous_20)
FN:178,(anonymous_21)
FN:190,(anonymous_22)
FN:193,(anonymous_23)
FN:205,(anonymous_24)
FN:208,(anonymous_25)
FN:220,(anonymous_26)
FN:223,(anonymous_27)
FN:235,(anonymous_28)
FN:242,(anonymous_29)
FN:251,(anonymous_30)
FN:266,(anonymous_31)
FN:270,(anonymous_32)
FN:273,(anonymous_33)
FN:300,(anonymous_34)
FN:308,(anonymous_35)
FN:349,(anonymous_36)
FN:359,(anonymous_37)
FN:370,(anonymous_38)
FN:378,(anonymous_39)
FN:394,(anonymous_40)
FN:402,(anonymous_41)
FN:410,(anonymous_42)
FN:418,(anonymous_43)
FN:428,(anonymous_44)
FN:438,(anonymous_45)
FN:443,(anonymous_46)
FN:449,(anonymous_47)
FN:474,(anonymous_48)
FN:498,(anonymous_49)
FN:506,(anonymous_50)
FN:516,(anonymous_51)
FN:525,(anonymous_52)
FN:533,(anonymous_53)
FN:547,(anonymous_54)
FN:558,(anonymous_55)
FN:570,(anonymous_56)
FN:573,(anonymous_57)
FN:586,(anonymous_58)
FN:589,(anonymous_59)
FN:602,(anonymous_60)
FN:605,(anonymous_61)
FN:618,(anonymous_62)
FN:621,(anonymous_63)
FN:634,(anonymous_64)
FN:649,(anonymous_65)
FN:658,(anonymous_66)
FN:667,(anonymous_67)
FN:674,(anonymous_68)
FN:680,(anonymous_69)
FN:697,(anonymous_70)
FN:708,(anonymous_71)
FN:709,(anonymous_72)
FN:715,(anonymous_73)
FN:721,(anonymous_74)
FN:727,(anonymous_75)
FN:735,(anonymous_76)
FN:743,(anonymous_77)
FN:748,(anonymous_78)
FN:754,(anonymous_79)
FN:757,(anonymous_80)
FN:763,(anonymous_81)
FN:774,(anonymous_82)
FN:780,(anonymous_83)
FN:790,(anonymous_84)
FN:793,(anonymous_85)
FN:796,(anonymous_86)
FN:802,(anonymous_87)
FN:809,(anonymous_88)
FN:813,(anonymous_89)
FN:816,(anonymous_90)
FN:822,(anonymous_91)
FN:829,(anonymous_92)
FN:843,(anonymous_93)
FN:851,extractPropertyName
FN:872,(anonymous_95)
FN:882,(anonymous_96)
FN:893,(anonymous_97)
FN:901,(anonymous_98)
FN:909,(anonymous_99)
FN:917,(anonymous_100)
FN:925,(anonymous_101)
FN:933,(anonymous_102)
FN:940,(anonymous_103)
FN:976,(anonymous_104)
FN:979,(anonymous_105)
FN:986,(anonymous_106)
FN:994,(anonymous_107)
FN:1005,(anonymous_108)
FN:1023,(anonymous_109)
FN:1044,(anonymous_110)
FN:1065,(anonymous_111)
FN:1075,(anonymous_112)
FN:1079,(anonymous_113)
FN:1095,(anonymous_114)
FN:1099,(anonymous_115)
FN:1115,(anonymous_116)
FN:1123,(anonymous_117)
FN:1155,(anonymous_118)
FN:1169,(anonymous_119)
FN:1180,(anonymous_120)
FN:1188,(anonymous_121)
FN:1196,(anonymous_122)
FN:1204,(anonymous_123)
FN:1219,(anonymous_124)
FN:1240,(anonymous_125)
FN:1247,(anonymous_126)
FN:1253,(anonymous_127)
FN:1262,(anonymous_128)
FN:1264,(anonymous_129)
FN:1265,(anonymous_130)
FN:1265,(anonymous_131)
FN:1266,(anonymous_132)
FN:1267,(anonymous_133)
FN:1270,(anonymous_134)
FN:1272,(anonymous_135)
FN:1274,(anonymous_136)
FN:1276,(anonymous_137)
FN:1287,(anonymous_138)
FN:1305,(anonymous_139)
FN:1307,(anonymous_140)
FN:1327,(anonymous_141)
FN:1349,(anonymous_142)
FN:1372,(anonymous_143)
FN:1380,(anonymous_144)
FN:1388,(anonymous_145)
FN:1406,(anonymous_146)
FN:1420,(anonymous_147)
FN:1434,(anonymous_148)
FN:1448,(anonymous_149)
FNF:150
FNH:2
FNDA:1,(anonymous_0)
FNDA:2,(anonymous_1)
FNDA:0,(anonymous_2)
FNDA:0,(anonymous_3)
FNDA:0,(anonymous_4)
FNDA:0,(anonymous_5)
FNDA:0,(anonymous_6)
FNDA:0,(anonymous_7)
FNDA:0,(anonymous_8)
FNDA:0,(anonymous_9)
FNDA:0,(anonymous_10)
FNDA:0,(anonymous_11)
FNDA:0,(anonymous_12)
FNDA:0,(anonymous_13)
FNDA:0,(anonymous_14)
FNDA:0,(anonymous_15)
FNDA:0,(anonymous_16)
FNDA:0,(anonymous_17)
FNDA:0,(anonymous_18)
FNDA:0,(anonymous_19)
FNDA:0,(anonymous_20)
FNDA:0,(anonymous_21)
FNDA:0,(anonymous_22)
FNDA:0,(anonymous_23)
FNDA:0,(anonymous_24)
FNDA:0,(anonymous_25)
FNDA:0,(anonymous_26)
FNDA:0,(anonymous_27)
FNDA:0,(anonymous_28)
FNDA:0,(anonymous_29)
FNDA:0,(anonymous_30)
FNDA:0,(anonymous_31)
FNDA:0,(anonymous_32)
FNDA:0,(anonymous_33)
FNDA:0,(anonymous_34)
FNDA:0,(anonymous_35)
FNDA:0,(anonymous_36)
FNDA:0,(anonymous_37)
FNDA:0,(anonymous_38)
FNDA:0,(anonymous_39)
FNDA:0,(anonymous_40)
FNDA:0,(anonymous_41)
FNDA:0,(anonymous_42)
FNDA:0,(anonymous_43)
FNDA:0,(anonymous_44)
FNDA:0,(anonymous_45)
FNDA:0,(anonymous_46)
FNDA:0,(anonymous_47)
FNDA:0,(anonymous_48)
FNDA:0,(anonymous_49)
FNDA:0,(anonymous_50)
FNDA:0,(anonymous_51)
FNDA:0,(anonymous_52)
FNDA:0,(anonymous_53)
FNDA:0,(anonymous_54)
FNDA:0,(anonymous_55)
FNDA:0,(anonymous_56)
FNDA:0,(anonymous_57)
FNDA:0,(anonymous_58)
FNDA:0,(anonymous_59)
FNDA:0,(anonymous_60)
FNDA:0,(anonymous_61)
FNDA:0,(anonymous_62)
FNDA:0,(anonymous_63)
FNDA:0,(anonymous_64)
FNDA:0,(anonymous_65)
FNDA:0,(anonymous_66)
FNDA:0,(anonymous_67)
FNDA:0,(anonymous_68)
FNDA:0,(anonymous_69)
FNDA:0,(anonymous_70)
FNDA:0,(anonymous_71)
FNDA:0,(anonymous_72)
FNDA:0,(anonymous_73)
FNDA:0,(anonymous_74)
FNDA:0,(anonymous_75)
FNDA:0,(anonymous_76)
FNDA:0,(anonymous_77)
FNDA:0,(anonymous_78)
FNDA:0,(anonymous_79)
FNDA:0,(anonymous_80)
FNDA:0,(anonymous_81)
FNDA:0,(anonymous_82)
FNDA:0,(anonymous_83)
FNDA:0,(anonymous_84)
FNDA:0,(anonymous_85)
FNDA:0,(anonymous_86)
FNDA:0,(anonymous_87)
FNDA:0,(anonymous_88)
FNDA:0,(anonymous_89)
FNDA:0,(anonymous_90)
FNDA:0,(anonymous_91)
FNDA:0,(anonymous_92)
FNDA:0,(anonymous_93)
FNDA:0,extractPropertyName
FNDA:0,(anonymous_95)
FNDA:0,(anonymous_96)
FNDA:0,(anonymous_97)
FNDA:0,(anonymous_98)
FNDA:0,(anonymous_99)
FNDA:0,(anonymous_100)
FNDA:0,(anonymous_101)
FNDA:0,(anonymous_102)
FNDA:0,(anonymous_103)
FNDA:0,(anonymous_104)
FNDA:0,(anonymous_105)
FNDA:0,(anonymous_106)
FNDA:0,(anonymous_107)
FNDA:0,(anonymous_108)
FNDA:0,(anonymous_109)
FNDA:0,(anonymous_110)
FNDA:0,(anonymous_111)
FNDA:0,(anonymous_112)
FNDA:0,(anonymous_113)
FNDA:0,(anonymous_114)
FNDA:0,(anonymous_115)
FNDA:0,(anonymous_116)
FNDA:0,(anonymous_117)
FNDA:0,(anonymous_118)
FNDA:0,(anonymous_119)
FNDA:0,(anonymous_120)
FNDA:0,(anonymous_121)
FNDA:0,(anonymous_122)
FNDA:0,(anonymous_123)
FNDA:0,(anonymous_124)
FNDA:0,(anonymous_125)
FNDA:0,(anonymous_126)
FNDA:0,(anonymous_127)
FNDA:0,(anonymous_128)
FNDA:0,(anonymous_129)
FNDA:0,(anonymous_130)
FNDA:0,(anonymous_131)
FNDA:0,(anonymous_132)
FNDA:0,(anonymous_133)
FNDA:0,(anonymous_134)
FNDA:0,(anonymous_135)
FNDA:0,(anonymous_136)
FNDA:0,(anonymous_137)
FNDA:0,(anonymous_138)
FNDA:0,(anonymous_139)
FNDA:0,(anonymous_140)
FNDA:0,(anonymous_141)
FNDA:0,(anonymous_142)
FNDA:0,(anonymous_143)
FNDA:0,(anonymous_144)
FNDA:0,(anonymous_145)
FNDA:0,(anonymous_146)
FNDA:0,(anonymous_147)
FNDA:0,(anonymous_148)
FNDA:0,(anonymous_149)
DA:2,1
DA:3,1
DA:9,1
DA:13,1
DA:14,1
DA:15,1
DA:16,0
DA:18,1
DA:19,2
DA:27,0
DA:36,0
DA:37,0
DA:46,0
DA:55,0
DA:56,0
DA:65,0
DA:74,0
DA:75,0
DA:80,0
DA:81,0
DA:82,0
DA:83,0
DA:89,0
DA:101,0
DA:110,0
DA:117,0
DA:124,0
DA:131,0
DA:138,0
DA:147,0
DA:148,0
DA:150,0
DA:151,0
DA:153,0
DA:154,0
DA:155,0
DA:156,0
DA:158,0
DA:159,0
DA:166,0
DA:167,0
DA:176,0
DA:177,0
DA:178,0
DA:179,0
DA:181,0
DA:182,0
DA:191,0
DA:192,0
DA:193,0
DA:194,0
DA:196,0
DA:197,0
DA:206,0
DA:207,0
DA:208,0
DA:209,0
DA:211,0
DA:212,0
DA:221,0
DA:222,0
DA:223,0
DA:224,0
DA:226,0
DA:227,0
DA:236,0
DA:243,0
DA:252,0
DA:253,0
DA:267,0
DA:271,0
DA:272,0
DA:273,0
DA:274,0
DA:277,0
DA:278,0
DA:282,0
DA:283,0
DA:288,0
DA:289,0
DA:290,0
DA:293,0
DA:306,0
DA:307,0
DA:308,0
DA:309,0
DA:312,0
DA:313,0
DA:317,0
DA:318,0
DA:323,0
DA:324,0
DA:325,0
DA:328,0
DA:338,1
DA:339,0
DA:340,0
DA:341,0
DA:342,0
DA:343,0
DA:346,0
DA:347,0
DA:350,0
DA:351,0
DA:352,0
DA:353,0
DA:356,0
DA:360,0
DA:361,0
DA:362,0
DA:363,0
DA:364,0
DA:371,0
DA:372,0
DA:374,0
DA:375,0
DA:378,0
DA:379,0
DA:380,0
DA:383,0
DA:388,0
DA:395,0
DA:396,0
DA:403,0
DA:404,0
DA:411,0
DA:412,0
DA:419,0
DA:420,0
DA:429,0
DA:430,0
DA:439,0
DA:440,0
DA:444,0
DA:447,0
DA:448,0
DA:449,0
DA:451,0
DA:455,0
DA:456,0
DA:458,0
DA:459,0
DA:462,0
DA:465,0
DA:466,0
DA:467,0
DA:470,0
DA:471,0
DA:474,0
DA:475,0
DA:479,0
DA:480,0
DA:481,0
DA:482,0
DA:483,0
DA:488,0
DA:489,0
DA:492,0
DA:499,0
DA:500,0
DA:507,0
DA:508,0
DA:509,0
DA:510,0
DA:517,0
DA:518,0
DA:526,0
DA:527,0
DA:534,0
DA:535,0
DA:536,0
DA:538,0
DA:539,0
DA:541,0
DA:548,0
DA:549,0
DA:550,0
DA:552,0
DA:559,0
DA:560,0
DA:561,0
DA:563,0
DA:571,0
DA:572,0
DA:573,0
DA:574,0
DA:576,0
DA:577,0
DA:578,0
DA:579,0
DA:587,0
DA:588,0
DA:589,0
DA:590,0
DA:592,0
DA:593,0
DA:594,0
DA:595,0
DA:603,0
DA:604,0
DA:605,0
DA:606,0
DA:608,0
DA:609,0
DA:610,0
DA:611,0
DA:619,0
DA:620,0
DA:621,0
DA:622,0
DA:624,0
DA:625,0
DA:626,0
DA:627,0
DA:635,0
DA:637,0
DA:638,0
DA:639,0
DA:640,0
DA:641,0
DA:642,0
DA:643,0
DA:650,0
DA:651,0
DA:659,0
DA:660,0
DA:662,0
DA:663,0
DA:664,0
DA:668,0
DA:670,0
DA:671,0
DA:673,0
DA:674,0
DA:675,0
DA:677,0
DA:678,0
DA:680,0
DA:681,0
DA:684,0
DA:686,0
DA:687,0
DA:689,0
DA:690,0
DA:692,0
DA:703,0
DA:704,0
DA:707,0
DA:708,0
DA:709,0
DA:711,0
DA:714,0
DA:715,0
DA:716,0
DA:717,0
DA:720,0
DA:721,0
DA:722,0
DA:723,0
DA:727,0
DA:728,0
DA:729,0
DA:730,0
DA:740,0
DA:741,0
DA:743,0
DA:744,0
DA:747,0
DA:748,0
DA:749,0
DA:751,0
DA:754,0
DA:757,0
DA:758,0
DA:759,0
DA:762,0
DA:763,0
DA:764,0
DA:765,0
DA:767,0
DA:768,0
DA:770,0
DA:774,0
DA:775,0
DA:776,0
DA:785,0
DA:787,0
DA:788,0
DA:790,0
DA:791,0
DA:793,0
DA:796,0
DA:797,0
DA:798,0
DA:800,0
DA:802,0
DA:803,0
DA:805,0
DA:809,0
DA:810,0
DA:813,0
DA:814,0
DA:816,0
DA:817,0
DA:818,0
DA:821,0
DA:822,0
DA:823,0
DA:824,0
DA:828,0
DA:829,0
DA:830,0
DA:831,0
DA:833,0
DA:834,0
DA:837,0
DA:838,0
DA:843,0
DA:844,0
DA:845,0
DA:852,0
DA:853,0
DA:854,0
DA:855,0
DA:857,0
DA:864,1
DA:865,0
DA:866,0
DA:867,0
DA:870,0
DA:873,0
DA:874,0
DA:875,0
DA:876,0
DA:883,0
DA:884,0
DA:885,0
DA:886,0
DA:887,0
DA:894,0
DA:895,0
DA:902,0
DA:903,0
DA:910,0
DA:911,0
DA:918,0
DA:919,0
DA:926,0
DA:927,0
DA:935,0
DA:938,0
DA:939,0
DA:940,0
DA:942,0
DA:946,0
DA:947,0
DA:949,0
DA:950,0
DA:954,0
DA:957,0
DA:959,0
DA:960,0
DA:961,0
DA:964,0
DA:965,0
DA:968,0
DA:971,0
DA:973,0
DA:976,0
DA:977,0
DA:979,0
DA:987,0
DA:988,0
DA:995,0
DA:996,0
DA:997,0
DA:998,0
DA:1006,0
DA:1007,0
DA:1010,0
DA:1011,0
DA:1012,0
DA:1015,0
DA:1016,0
DA:1018,0
DA:1019,0
DA:1020,0
DA:1022,0
DA:1023,0
DA:1025,0
DA:1027,0
DA:1030,0
DA:1034,0
DA:1035,0
DA:1040,0
DA:1041,0
DA:1042,0
DA:1043,0
DA:1044,0
DA:1046,0
DA:1047,0
DA:1052,0
DA:1055,0
DA:1064,1
DA:1066,0
DA:1067,0
DA:1068,0
DA:1069,0
DA:1076,0
DA:1079,0
DA:1080,0
DA:1084,0
DA:1085,0
DA:1086,0
DA:1089,0
DA:1096,0
DA:1099,0
DA:1100,0
DA:1104,0
DA:1105,0
DA:1106,0
DA:1109,0
DA:1116,0
DA:1117,0
DA:1124,0
DA:1125,0
DA:1146,1
DA:1147,0
DA:1148,0
DA:1149,0
DA:1150,0
DA:1151,0
DA:1156,0
DA:1157,0
DA:1158,0
DA:1159,0
DA:1170,0
DA:1171,0
DA:1172,0
DA:1173,0
DA:1174,0
DA:1181,0
DA:1182,0
DA:1189,0
DA:1190,0
DA:1197,0
DA:1198,0
DA:1205,0
DA:1206,0
DA:1220,0
DA:1243,0
DA:1244,0
DA:1245,0
DA:1247,0
DA:1248,0
DA:1252,0
DA:1253,0
DA:1254,0
DA:1255,0
DA:1256,0
DA:1258,0
DA:1262,0
DA:1264,0
DA:1265,0
DA:1267,0
DA:1268,0
DA:1271,0
DA:1272,0
DA:1275,0
DA:1276,0
DA:1286,1
DA:1288,0
DA:1289,0
DA:1290,0
DA:1291,0
DA:1292,0
DA:1293,0
DA:1294,0
DA:1295,0
DA:1296,0
DA:1297,0
DA:1298,0
DA:1299,0
DA:1306,0
DA:1307,0
DA:1309,0
DA:1310,0
DA:1314,0
DA:1317,0
DA:1320,0
DA:1321,0
DA:1324,0
DA:1327,0
DA:1328,0
DA:1329,0
DA:1332,0
DA:1335,0
DA:1336,0
DA:1340,0
DA:1343,0
DA:1344,0
DA:1348,0
DA:1349,0
DA:1350,0
DA:1354,0
DA:1355,0
DA:1357,0
DA:1358,0
DA:1362,0
DA:1363,0
DA:1366,0
DA:1373,0
DA:1374,0
DA:1381,0
DA:1382,0
DA:1389,0
DA:1390,0
DA:1393,0
DA:1394,0
DA:1395,0
DA:1402,0
DA:1403,0
DA:1404,0
DA:1405,0
DA:1406,0
DA:1407,0
DA:1408,0
DA:1416,0
DA:1417,0
DA:1418,0
DA:1419,0
DA:1420,0
DA:1421,0
DA:1422,0
DA:1430,0
DA:1431,0
DA:1432,0
DA:1433,0
DA:1434,0
DA:1435,0
DA:1436,0
DA:1444,0
DA:1445,0
DA:1446,0
DA:1447,0
DA:1448,0
DA:1449,0
DA:1450,0
DA:1457,0
LF:549
LH:13
BRDA:15,0,0,0
BRDA:15,0,1,1
BRDA:148,1,0,0
BRDA:148,1,1,0
BRDA:151,2,0,0
BRDA:151,2,1,0
BRDA:158,3,0,0
BRDA:158,3,1,0
BRDA:179,4,0,0
BRDA:179,4,1,0
BRDA:182,5,0,0
BRDA:182,5,1,0
BRDA:194,6,0,0
BRDA:194,6,1,0
BRDA:197,7,0,0
BRDA:197,7,1,0
BRDA:209,8,0,0
BRDA:209,8,1,0
BRDA:224,9,0,0
BRDA:224,9,1,0
BRDA:270,10,0,0
BRDA:277,11,0,0
BRDA:277,11,1,0
BRDA:277,12,0,0
BRDA:277,12,1,0
BRDA:282,13,0,0
BRDA:282,13,1,0
BRDA:288,14,0,0
BRDA:288,14,1,0
BRDA:303,15,0,0
BRDA:312,16,0,0
BRDA:312,16,1,0
BRDA:312,17,0,0
BRDA:312,17,1,0
BRDA:317,18,0,0
BRDA:317,18,1,0
BRDA:323,19,0,0
BRDA:323,19,1,0
BRDA:323,20,0,0
BRDA:323,20,1,0
BRDA:353,21,0,0
BRDA:354,22,0,0
BRDA:374,23,0,0
BRDA:374,23,1,0
BRDA:379,24,0,0
BRDA:379,24,1,0
BRDA:444,25,0,0
BRDA:444,25,1,0
BRDA:447,26,0,0
BRDA:447,26,1,0
BRDA:451,27,0,0
BRDA:451,27,1,0
BRDA:455,28,0,0
BRDA:455,28,1,0
BRDA:458,29,0,0
BRDA:458,29,1,0
BRDA:466,30,0,0
BRDA:466,30,1,0
BRDA:470,31,0,0
BRDA:470,31,1,0
BRDA:480,32,0,0
BRDA:480,32,1,0
BRDA:482,33,0,0
BRDA:482,33,1,0
BRDA:488,34,0,0
BRDA:488,34,1,0
BRDA:500,35,0,0
BRDA:500,35,1,0
BRDA:507,36,0,0
BRDA:507,36,1,0
BRDA:535,37,0,0
BRDA:535,37,1,0
BRDA:538,38,0,0
BRDA:538,38,1,0
BRDA:549,39,0,0
BRDA:549,39,1,0
BRDA:552,40,0,0
BRDA:552,40,1,0
BRDA:560,41,0,0
BRDA:560,41,1,0
BRDA:574,42,0,0
BRDA:574,42,1,0
BRDA:576,43,0,0
BRDA:576,43,1,0
BRDA:579,44,0,0
BRDA:579,44,1,0
BRDA:590,45,0,0
BRDA:590,45,1,0
BRDA:592,46,0,0
BRDA:592,46,1,0
BRDA:595,47,0,0
BRDA:595,47,1,0
BRDA:606,48,0,0
BRDA:606,48,1,0
BRDA:608,49,0,0
BRDA:608,49,1,0
BRDA:622,50,0,0
BRDA:622,50,1,0
BRDA:624,51,0,0
BRDA:624,51,1,0
BRDA:668,52,0,0
BRDA:668,52,1,0
BRDA:671,53,0,0
BRDA:671,53,1,0
BRDA:675,54,0,0
BRDA:675,54,1,0
BRDA:678,55,0,0
BRDA:678,55,1,0
BRDA:681,56,0,0
BRDA:681,56,1,0
BRDA:684,57,0,0
BRDA:684,57,1,0
BRDA:684,58,0,0
BRDA:684,58,1,0
BRDA:687,59,0,0
BRDA:687,59,1,0
BRDA:690,60,0,0
BRDA:690,60,1,0
BRDA:704,61,0,0
BRDA:704,61,1,0
BRDA:709,62,0,0
BRDA:709,62,1,0
BRDA:711,63,0,0
BRDA:711,63,1,0
BRDA:729,64,0,0
BRDA:729,64,1,0
BRDA:729,65,0,0
BRDA:729,65,1,0
BRDA:741,66,0,0
BRDA:741,66,1,0
BRDA:744,67,0,0
BRDA:744,67,1,0
BRDA:749,68,0,0
BRDA:749,68,1,0
BRDA:749,69,0,0
BRDA:749,69,1,0
BRDA:767,70,0,0
BRDA:767,70,1,0
BRDA:776,71,0,0
BRDA:776,71,1,0
BRDA:785,72,0,0
BRDA:785,72,1,0
BRDA:788,73,0,0
BRDA:788,73,1,0
BRDA:791,74,0,0
BRDA:791,74,1,0
BRDA:800,75,0,0
BRDA:800,75,1,0
BRDA:814,76,0,0
BRDA:814,76,1,0
BRDA:833,77,0,0
BRDA:833,77,1,0
BRDA:837,78,0,0
BRDA:837,78,1,0
BRDA:845,79,0,0
BRDA:845,79,1,0
BRDA:854,80,0,0
BRDA:854,80,1,0
BRDA:854,81,0,0
BRDA:854,81,1,0
BRDA:935,82,0,0
BRDA:935,82,1,0
BRDA:938,83,0,0
BRDA:938,83,1,0
BRDA:942,84,0,0
BRDA:942,84,1,0
BRDA:946,85,0,0
BRDA:946,85,1,0
BRDA:949,86,0,0
BRDA:949,86,1,0
BRDA:957,87,0,0
BRDA:957,87,1,0
BRDA:957,88,0,0
BRDA:957,88,1,0
BRDA:959,89,0,0
BRDA:959,89,1,0
BRDA:961,90,0,0
BRDA:961,90,1,0
BRDA:964,91,0,0
BRDA:964,91,1,0
BRDA:965,92,0,0
BRDA:965,92,1,0
BRDA:971,93,0,0
BRDA:971,93,1,0
BRDA:971,94,0,0
BRDA:971,94,1,0
BRDA:988,95,0,0
BRDA:988,95,1,0
BRDA:995,96,0,0
BRDA:995,96,1,0
BRDA:1011,97,0,0
BRDA:1011,97,1,0
BRDA:1025,98,0,0
BRDA:1025,98,1,0
BRDA:1034,99,0,0
BRDA:1034,99,1,0
BRDA:1041,100,0,0
BRDA:1041,100,1,0
BRDA:1046,101,0,0
BRDA:1046,101,1,0
BRDA:1085,102,0,0
BRDA:1085,102,1,0
BRDA:1105,103,0,0
BRDA:1105,103,1,0
BRDA:1117,104,0,0
BRDA:1117,104,1,0
BRDA:1243,105,0,0
BRDA:1243,105,1,0
BRDA:1244,106,0,0
BRDA:1244,106,1,0
BRDA:1255,107,0,0
BRDA:1255,107,1,0
BRDA:1268,108,0,0
BRDA:1268,108,1,0
BRDA:1271,109,0,0
BRDA:1271,109,1,0
BRDA:1275,110,0,0
BRDA:1275,110,1,0
BRDA:1309,111,0,0
BRDA:1309,111,1,0
BRDA:1335,112,0,0
BRDA:1335,112,1,0
BRDA:1343,113,0,0
BRDA:1343,113,1,0
BRDA:1348,114,0,0
BRDA:1348,114,1,0
BRDA:1354,115,0,0
BRDA:1354,115,1,0
BRDA:1357,116,0,0
BRDA:1357,116,1,0
BRDA:1374,117,0,0
BRDA:1374,117,1,0
BRDA:1394,118,0,0
BRDA:1394,118,1,0
BRDA:1407,119,0,0
BRDA:1407,119,1,0
BRDA:1421,120,0,0
BRDA:1421,120,1,0
BRDA:1435,121,0,0
BRDA:1435,121,1,0
BRDA:1449,122,0,0
BRDA:1449,122,1,0
BRF:242
BRH:1
end_of_record
TN:
SF:src/core/EntityEntry.ts
FN:4,(anonymous_0)
FN:39,(anonymous_1)
FN:52,(anonymous_2)
FN:56,(anonymous_3)
FN:63,(anonymous_4)
FN:70,(anonymous_5)
FN:77,(anonymous_6)
FN:95,(anonymous_7)
FN:110,(anonymous_8)
FN:118,(anonymous_9)
FN:130,(anonymous_10)
FN:141,(anonymous_11)
FN:150,(anonymous_12)
FN:158,(anonymous_13)
FN:166,(anonymous_14)
FN:176,(anonymous_15)
FN:184,(anonymous_16)
FN:192,(anonymous_17)
FN:200,(anonymous_18)
FNF:19
FNH:19
FNDA:3,(anonymous_0)
FNDA:71,(anonymous_1)
FNDA:52,(anonymous_2)
FNDA:5,(anonymous_3)
FNDA:7,(anonymous_4)
FNDA:7,(anonymous_5)
FNDA:7,(anonymous_6)
FNDA:3,(anonymous_7)
FNDA:2,(anonymous_8)
FNDA:4,(anonymous_9)
FNDA:4,(anonymous_10)
FNDA:5,(anonymous_11)
FNDA:4,(anonymous_12)
FNDA:1,(anonymous_13)
FNDA:2,(anonymous_14)
FNDA:5,(anonymous_15)
FNDA:1,(anonymous_16)
FNDA:2,(anonymous_17)
FNDA:1,(anonymous_18)
DA:4,3
DA:8,3
DA:13,3
DA:18,3
DA:23,3
DA:28,3
DA:34,3
DA:40,71
DA:44,71
DA:45,71
DA:46,71
DA:53,52
DA:57,5
DA:64,7
DA:71,7
DA:78,7
DA:79,1
DA:83,6
DA:84,20
DA:85,3
DA:89,3
DA:96,3
DA:98,3
DA:99,13
DA:100,3
DA:104,3
DA:111,2
DA:112,2
DA:119,4
DA:120,4
DA:131,4
DA:142,5
DA:149,3
DA:151,4
DA:152,4
DA:160,1
DA:167,2
DA:168,2
DA:175,3
DA:177,5
DA:178,5
DA:186,1
DA:193,2
DA:194,2
DA:201,1
LF:45
LH:45
BRDA:4,0,0,3
BRDA:4,0,1,3
BRDA:46,1,0,71
BRDA:46,1,1,61
BRDA:78,2,0,1
BRDA:78,2,1,6
BRDA:84,3,0,3
BRDA:84,3,1,17
BRDA:99,4,0,3
BRDA:99,4,1,10
BRDA:168,5,0,2
BRDA:168,5,1,1
BRDA:194,6,0,2
BRDA:194,6,1,2
BRF:14
BRH:14
end_of_record
TN:
SF:src/core/MetadataStorage.ts
FN:20,(anonymous_0)
FN:29,(anonymous_1)
FN:100,(anonymous_2)
FN:102,(anonymous_3)
FN:110,(anonymous_4)
FN:112,(anonymous_5)
FN:128,(anonymous_6)
FN:129,(anonymous_7)
FN:153,(anonymous_8)
FN:154,(anonymous_9)
FN:171,(anonymous_10)
FN:172,(anonymous_11)
FN:189,(anonymous_12)
FN:190,(anonymous_13)
FN:207,(anonymous_14)
FN:208,(anonymous_15)
FN:213,(anonymous_16)
FNF:17
FNH:17
FNDA:2,(anonymous_0)
FNDA:2,(anonymous_1)
FNDA:2,(anonymous_2)
FNDA:27,(anonymous_3)
FNDA:9,(anonymous_4)
FNDA:9,(anonymous_5)
FNDA:10,(anonymous_6)
FNDA:8,(anonymous_7)
FNDA:3,(anonymous_8)
FNDA:6,(anonymous_9)
FNDA:2,(anonymous_10)
FNDA:2,(anonymous_11)
FNDA:1,(anonymous_12)
FNDA:1,(anonymous_13)
FNDA:20,(anonymous_14)
FNDA:26,(anonymous_15)
FNDA:1,(anonymous_16)
DA:20,2
DA:21,2
DA:22,2
DA:23,2
DA:24,2
DA:25,2
DA:26,2
DA:29,2
DA:30,2
DA:31,2
DA:32,2
DA:33,2
DA:96,2
DA:98,2
DA:103,27
DA:104,2
DA:106,27
DA:111,9
DA:112,9
DA:113,9
DA:114,9
DA:116,0
DA:129,10
DA:130,10
DA:131,2
DA:139,2
DA:142,10
DA:154,6
DA:155,3
DA:156,3
DA:164,3
DA:167,3
DA:172,2
DA:173,2
DA:174,0
DA:182,0
DA:185,2
DA:190,1
DA:191,1
DA:192,0
DA:200,0
DA:203,1
DA:208,26
DA:209,20
DA:210,20
DA:214,1
LF:46
LH:41
BRDA:20,0,0,2
BRDA:20,0,1,2
BRDA:29,1,0,2
BRDA:29,1,1,2
BRDA:103,2,0,2
BRDA:103,2,1,25
BRDA:113,3,0,9
BRDA:113,3,1,0
BRDA:128,4,0,1
BRDA:130,5,0,2
BRDA:130,5,1,8
BRDA:145,6,0,10
BRDA:145,6,1,3
BRDA:146,7,0,10
BRDA:146,7,1,1
BRDA:147,8,0,10
BRDA:147,8,1,8
BRDA:148,9,0,10
BRDA:148,9,1,9
BRDA:155,10,0,3
BRDA:155,10,1,0
BRDA:173,11,0,0
BRDA:173,11,1,2
BRDA:191,12,0,0
BRDA:191,12,1,1
BRDA:209,13,0,19
BRDA:209,13,1,1
BRF:27
BRH:23
end_of_record
TN:
SF:src/core/ModelBuilder.ts
FN:7,(anonymous_0)
FN:15,(anonymous_1)
FN:18,(anonymous_2)
FN:29,(anonymous_3)
FN:32,(anonymous_4)
FN:43,(anonymous_5)
FN:46,(anonymous_6)
FN:57,(anonymous_7)
FN:60,(anonymous_8)
FN:71,(anonymous_9)
FN:74,(anonymous_10)
FN:89,(anonymous_11)
FN:92,(anonymous_12)
FN:106,(anonymous_13)
FN:109,(anonymous_14)
FN:129,(anonymous_15)
FN:135,(anonymous_16)
FN:151,(anonymous_17)
FN:154,(anonymous_18)
FN:167,(anonymous_19)
FN:177,(anonymous_20)
FN:180,(anonymous_21)
FN:191,(anonymous_22)
FN:196,(anonymous_23)
FN:208,(anonymous_24)
FN:213,(anonymous_25)
FN:225,(anonymous_26)
FN:228,(anonymous_27)
FN:239,(anonymous_28)
FN:242,(anonymous_29)
FN:253,(anonymous_30)
FN:256,(anonymous_31)
FN:271,(anonymous_32)
FN:276,(anonymous_33)
FN:287,(anonymous_34)
FN:292,(anonymous_35)
FN:294,(anonymous_36)
FN:310,(anonymous_37)
FN:315,(anonymous_38)
FN:323,(anonymous_39)
FN:331,(anonymous_40)
FN:335,(anonymous_41)
FN:353,(anonymous_42)
FN:354,(anonymous_43)
FN:370,(anonymous_44)
FN:374,(anonymous_45)
FN:391,(anonymous_46)
FN:399,(anonymous_47)
FN:404,(anonymous_48)
FN:421,(anonymous_49)
FN:429,(anonymous_50)
FN:434,(anonymous_51)
FN:451,(anonymous_52)
FN:460,(anonymous_53)
FN:468,(anonymous_54)
FN:495,(anonymous_55)
FN:516,(anonymous_56)
FN:534,(anonymous_57)
FN:545,(anonymous_58)
FN:572,(anonymous_59)
FN:606,(anonymous_60)
FN:618,(anonymous_61)
FN:634,(anonymous_62)
FN:648,extractPropertyName
FNF:64
FNH:0
FNDA:0,(anonymous_0)
FNDA:0,(anonymous_1)
FNDA:0,(anonymous_2)
FNDA:0,(anonymous_3)
FNDA:0,(anonymous_4)
FNDA:0,(anonymous_5)
FNDA:0,(anonymous_6)
FNDA:0,(anonymous_7)
FNDA:0,(anonymous_8)
FNDA:0,(anonymous_9)
FNDA:0,(anonymous_10)
FNDA:0,(anonymous_11)
FNDA:0,(anonymous_12)
FNDA:0,(anonymous_13)
FNDA:0,(anonymous_14)
FNDA:0,(anonymous_15)
FNDA:0,(anonymous_16)
FNDA:0,(anonymous_17)
FNDA:0,(anonymous_18)
FNDA:0,(anonymous_19)
FNDA:0,(anonymous_20)
FNDA:0,(anonymous_21)
FNDA:0,(anonymous_22)
FNDA:0,(anonymous_23)
FNDA:0,(anonymous_24)
FNDA:0,(anonymous_25)
FNDA:0,(anonymous_26)
FNDA:0,(anonymous_27)
FNDA:0,(anonymous_28)
FNDA:0,(anonymous_29)
FNDA:0,(anonymous_30)
FNDA:0,(anonymous_31)
FNDA:0,(anonymous_32)
FNDA:0,(anonymous_33)
FNDA:0,(anonymous_34)
FNDA:0,(anonymous_35)
FNDA:0,(anonymous_36)
FNDA:0,(anonymous_37)
FNDA:0,(anonymous_38)
FNDA:0,(anonymous_39)
FNDA:0,(anonymous_40)
FNDA:0,(anonymous_41)
FNDA:0,(anonymous_42)
FNDA:0,(anonymous_43)
FNDA:0,(anonymous_44)
FNDA:0,(anonymous_45)
FNDA:0,(anonymous_46)
FNDA:0,(anonymous_47)
FNDA:0,(anonymous_48)
FNDA:0,(anonymous_49)
FNDA:0,(anonymous_50)
FNDA:0,(anonymous_51)
FNDA:0,(anonymous_52)
FNDA:0,(anonymous_53)
FNDA:0,(anonymous_54)
FNDA:0,(anonymous_55)
FNDA:0,(anonymous_56)
FNDA:0,(anonymous_57)
FNDA:0,(anonymous_58)
FNDA:0,(anonymous_59)
FNDA:0,(anonymous_60)
FNDA:0,(anonymous_61)
FNDA:0,(anonymous_62)
FNDA:0,extractPropertyName
DA:1,1
DA:6,1
DA:8,0
DA:9,0
DA:16,0
DA:17,0
DA:18,0
DA:19,0
DA:20,0
DA:23,0
DA:30,0
DA:31,0
DA:32,0
DA:33,0
DA:34,0
DA:37,0
DA:44,0
DA:45,0
DA:46,0
DA:47,0
DA:48,0
DA:51,0
DA:58,0
DA:59,0
DA:60,0
DA:61,0
DA:62,0
DA:65,0
DA:72,0
DA:73,0
DA:74,0
DA:75,0
DA:76,0
DA:79,0
DA:90,0
DA:91,0
DA:92,0
DA:93,0
DA:94,0
DA:97,0
DA:107,0
DA:108,0
DA:109,0
DA:110,0
DA:111,0
DA:112,0
DA:115,0
DA:133,0
DA:134,0
DA:135,0
DA:136,0
DA:137,0
DA:138,0
DA:139,0
DA:142,0
DA:152,0
DA:153,0
DA:154,0
DA:155,0
DA:156,0
DA:159,0
DA:166,1
DA:168,0
DA:169,0
DA:170,0
DA:171,0
DA:178,0
DA:179,0
DA:180,0
DA:181,0
DA:182,0
DA:185,0
DA:192,0
DA:193,0
DA:194,0
DA:195,0
DA:196,0
DA:197,0
DA:198,0
DA:202,0
DA:209,0
DA:210,0
DA:211,0
DA:212,0
DA:213,0
DA:214,0
DA:215,0
DA:219,0
DA:226,0
DA:227,0
DA:228,0
DA:229,0
DA:230,0
DA:233,0
DA:240,0
DA:241,0
DA:242,0
DA:243,0
DA:244,0
DA:247,0
DA:254,0
DA:255,0
DA:256,0
DA:257,0
DA:258,0
DA:259,0
DA:260,0
DA:263,0
DA:270,1
DA:271,0
DA:277,0
DA:278,0
DA:279,0
DA:281,0
DA:288,0
DA:289,0
DA:290,0
DA:292,0
DA:294,0
DA:295,0
DA:296,0
DA:299,0
DA:311,0
DA:312,0
DA:313,0
DA:315,0
DA:317,0
DA:324,0
DA:325,0
DA:332,0
DA:333,0
DA:334,0
DA:335,0
DA:336,0
DA:338,0
DA:339,0
DA:347,0
DA:354,0
DA:355,0
DA:356,0
DA:357,0
DA:364,0
DA:371,0
DA:372,0
DA:373,0
DA:374,0
DA:375,0
DA:377,0
DA:378,0
DA:385,0
DA:395,0
DA:397,0
DA:398,0
DA:399,0
DA:400,0
DA:401,0
DA:404,0
DA:410,0
DA:425,0
DA:427,0
DA:428,0
DA:429,0
DA:430,0
DA:431,0
DA:434,0
DA:440,0
DA:456,0
DA:458,0
DA:459,0
DA:460,0
DA:461,0
DA:462,0
DA:463,0
DA:465,0
DA:468,0
DA:477,0
DA:496,0
DA:497,0
DA:498,0
DA:500,0
DA:517,0
DA:518,0
DA:519,0
DA:521,0
DA:543,0
DA:544,0
DA:545,0
DA:546,0
DA:547,0
DA:559,0
DA:579,0
DA:580,0
DA:582,0
DA:583,0
DA:584,0
DA:587,0
DA:594,0
DA:610,0
DA:611,0
DA:613,0
DA:615,0
DA:618,0
DA:623,0
DA:630,1
DA:636,0
DA:637,0
DA:639,0
DA:641,0
DA:649,0
DA:652,0
DA:653,0
DA:654,0
DA:658,0
DA:659,0
DA:660,0
DA:663,0
LF:216
LH:5
BRDA:17,0,0,0
BRDA:17,0,1,0
BRDA:19,1,0,0
BRDA:19,1,1,0
BRDA:31,2,0,0
BRDA:31,2,1,0
BRDA:33,3,0,0
BRDA:33,3,1,0
BRDA:45,4,0,0
BRDA:45,4,1,0
BRDA:47,5,0,0
BRDA:47,5,1,0
BRDA:59,6,0,0
BRDA:59,6,1,0
BRDA:61,7,0,0
BRDA:61,7,1,0
BRDA:73,8,0,0
BRDA:73,8,1,0
BRDA:75,9,0,0
BRDA:75,9,1,0
BRDA:91,10,0,0
BRDA:91,10,1,0
BRDA:93,11,0,0
BRDA:93,11,1,0
BRDA:108,12,0,0
BRDA:108,12,1,0
BRDA:110,13,0,0
BRDA:110,13,1,0
BRDA:134,14,0,0
BRDA:134,14,1,0
BRDA:136,15,0,0
BRDA:136,15,1,0
BRDA:153,16,0,0
BRDA:153,16,1,0
BRDA:155,17,0,0
BRDA:155,17,1,0
BRDA:179,18,0,0
BRDA:179,18,1,0
BRDA:181,19,0,0
BRDA:181,19,1,0
BRDA:192,20,0,0
BRDA:192,20,1,0
BRDA:195,21,0,0
BRDA:195,21,1,0
BRDA:197,22,0,0
BRDA:197,22,1,0
BRDA:209,23,0,0
BRDA:209,23,1,0
BRDA:212,24,0,0
BRDA:212,24,1,0
BRDA:214,25,0,0
BRDA:214,25,1,0
BRDA:227,26,0,0
BRDA:227,26,1,0
BRDA:229,27,0,0
BRDA:229,27,1,0
BRDA:241,28,0,0
BRDA:241,28,1,0
BRDA:243,29,0,0
BRDA:243,29,1,0
BRDA:255,30,0,0
BRDA:255,30,1,0
BRDA:257,31,0,0
BRDA:257,31,1,0
BRDA:278,32,0,0
BRDA:278,32,1,0
BRDA:290,33,0,0
BRDA:290,33,1,0
BRDA:295,34,0,0
BRDA:295,34,1,0
BRDA:312,35,0,0
BRDA:312,35,1,0
BRDA:334,36,0,0
BRDA:334,36,1,0
BRDA:336,37,0,0
BRDA:336,37,1,0
BRDA:338,38,0,0
BRDA:338,38,1,0
BRDA:342,39,0,0
BRDA:342,39,1,0
BRDA:356,40,0,0
BRDA:356,40,1,0
BRDA:360,41,0,0
BRDA:360,41,1,0
BRDA:373,42,0,0
BRDA:373,42,1,0
BRDA:375,43,0,0
BRDA:375,43,1,0
BRDA:377,44,0,0
BRDA:377,44,1,0
BRDA:398,45,0,0
BRDA:398,45,1,0
BRDA:400,46,0,0
BRDA:400,46,1,0
BRDA:428,47,0,0
BRDA:428,47,1,0
BRDA:430,48,0,0
BRDA:430,48,1,0
BRDA:459,49,0,0
BRDA:459,49,1,0
BRDA:461,50,0,0
BRDA:461,50,1,0
BRDA:470,51,0,0
BRDA:470,51,1,0
BRDA:471,52,0,0
BRDA:471,52,1,0
BRDA:472,53,0,0
BRDA:472,53,1,0
BRDA:497,54,0,0
BRDA:497,54,1,0
BRDA:518,55,0,0
BRDA:518,55,1,0
BRDA:544,56,0,0
BRDA:544,56,1,0
BRDA:546,57,0,0
BRDA:546,57,1,0
BRDA:550,58,0,0
BRDA:550,58,1,0
BRDA:582,59,0,0
BRDA:582,59,1,0
BRDA:583,60,0,0
BRDA:583,60,1,0
BRDA:590,61,0,0
BRDA:590,61,1,0
BRDA:613,62,0,0
BRDA:613,62,1,0
BRDA:637,63,0,0
BRDA:637,63,1,0
BRDA:653,64,0,0
BRDA:653,64,1,0
BRDA:659,65,0,0
BRDA:659,65,1,0
BRF:132
BRH:0
end_of_record
TN:
SF:src/decorators/index.ts
FN:4,Entity
FN:6,(anonymous_1)
FN:17,Column
FN:18,(anonymous_3)
FN:37,PrimaryKey
FN:38,(anonymous_5)
FN:93,ManyToOne
FN:99,(anonymous_7)
FN:141,OneToMany
FN:147,(anonymous_9)
FN:179,OneToOne
FN:185,(anonymous_11)
FN:227,ManyToMany
FN:233,(anonymous_13)
FN:275,Index
FN:276,(anonymous_15)
FN:297,Unique
FN:298,(anonymous_17)
FN:307,extractPropertyName
FN:318,(anonymous_19)
FN:318,(anonymous_20)
FNF:21
FNH:6
FNDA:2,Entity
FNDA:2,(anonymous_1)
FNDA:2,Column
FNDA:2,(anonymous_3)
FNDA:2,PrimaryKey
FNDA:2,(anonymous_5)
FNDA:0,ManyToOne
FNDA:0,(anonymous_7)
FNDA:0,OneToMany
FNDA:0,(anonymous_9)
FNDA:0,OneToOne
FNDA:0,(anonymous_11)
FNDA:0,ManyToMany
FNDA:0,(anonymous_13)
FNDA:0,Index
FNDA:0,(anonymous_15)
FNDA:0,Unique
FNDA:0,(anonymous_17)
FNDA:0,extractPropertyName
FNDA:0,(anonymous_19)
FNDA:0,(anonymous_20)
DA:1,2
DA:2,2
DA:4,2
DA:6,2
DA:7,2
DA:17,2
DA:18,2
DA:19,2
DA:20,2
DA:22,2
DA:23,2
DA:24,0
DA:25,0
DA:26,0
DA:29,2
DA:37,2
DA:38,2
DA:39,2
DA:40,2
DA:42,2
DA:44,2
DA:93,2
DA:99,0
DA:100,0
DA:101,0
DA:103,0
DA:116,0
DA:119,0
DA:141,2
DA:147,0
DA:148,0
DA:150,0
DA:161,0
DA:179,2
DA:185,0
DA:186,0
DA:187,0
DA:189,0
DA:202,0
DA:205,0
DA:227,2
DA:233,0
DA:234,0
DA:235,0
DA:236,0
DA:239,0
DA:240,0
DA:241,0
DA:242,0
DA:244,0
DA:258,0
DA:275,2
DA:276,0
DA:277,0
DA:297,2
DA:298,0
DA:299,0
DA:308,0
DA:310,0
DA:311,0
DA:312,0
DA:314,0
DA:318,2
LF:63
LH:25
BRDA:7,0,0,2
BRDA:7,0,1,0
BRDA:17,1,0,2
BRDA:22,2,0,2
BRDA:22,2,1,0
BRDA:22,3,0,2
BRDA:22,3,1,2
BRDA:23,4,0,2
BRDA:23,4,1,0
BRDA:24,5,0,0
BRDA:24,5,1,0
BRDA:25,6,0,0
BRDA:25,6,1,0
BRDA:26,7,0,0
BRDA:26,7,1,0
BRDA:30,8,0,2
BRDA:30,8,1,2
BRDA:42,9,0,0
BRDA:42,9,1,2
BRDA:97,10,0,0
BRDA:100,11,0,0
BRDA:100,11,1,0
BRDA:101,12,0,0
BRDA:101,12,1,0
BRDA:110,13,0,0
BRDA:110,13,1,0
BRDA:110,14,0,0
BRDA:110,14,1,0
BRDA:111,15,0,0
BRDA:111,15,1,0
BRDA:122,16,0,0
BRDA:122,16,1,0
BRDA:145,17,0,0
BRDA:148,18,0,0
BRDA:148,18,1,0
BRDA:156,19,0,0
BRDA:156,19,1,0
BRDA:157,20,0,0
BRDA:157,20,1,0
BRDA:183,21,0,0
BRDA:186,22,0,0
BRDA:186,22,1,0
BRDA:187,23,0,0
BRDA:187,23,1,0
BRDA:196,24,0,0
BRDA:196,24,1,0
BRDA:196,25,0,0
BRDA:196,25,1,0
BRDA:197,26,0,0
BRDA:197,26,1,0
BRDA:208,27,0,0
BRDA:208,27,1,0
BRDA:231,28,0,0
BRDA:234,29,0,0
BRDA:234,29,1,0
BRDA:240,30,0,0
BRDA:240,30,1,0
BRDA:241,31,0,0
BRDA:241,31,1,0
BRDA:242,32,0,0
BRDA:242,32,1,0
BRDA:253,33,0,0
BRDA:253,33,1,0
BRDA:254,34,0,0
BRDA:254,34,1,0
BRDA:275,35,0,0
BRDA:280,36,0,0
BRDA:280,36,1,0
BRDA:311,37,0,0
BRDA:311,37,1,0
BRDA:311,38,0,0
BRDA:311,38,1,0
BRF:72
BRH:9
end_of_record
TN:
SF:src/providers/MSSQLProvider.ts
FN:13,(anonymous_9)
FN:32,(anonymous_10)
FN:36,(anonymous_11)
FN:43,(anonymous_12)
FN:54,(anonymous_13)
FN:67,(anonymous_14)
FN:73,(anonymous_15)
FN:80,(anonymous_16)
FN:87,(anonymous_17)
FN:116,(anonymous_18)
FN:117,(anonymous_19)
FN:138,(anonymous_20)
FN:143,(anonymous_21)
FN:149,(anonymous_22)
FN:150,(anonymous_23)
FN:151,(anonymous_24)
FN:155,(anonymous_25)
FN:156,(anonymous_26)
FN:160,(anonymous_27)
FN:164,(anonymous_28)
FN:169,(anonymous_29)
FN:173,(anonymous_30)
FN:184,(anonymous_31)
FN:199,(anonymous_32)
FN:203,(anonymous_33)
FN:217,(anonymous_34)
FN:238,(anonymous_35)
FN:249,(anonymous_36)
FN:258,(anonymous_37)
FNF:29
FNH:0
FNDA:0,(anonymous_9)
FNDA:0,(anonymous_10)
FNDA:0,(anonymous_11)
FNDA:0,(anonymous_12)
FNDA:0,(anonymous_13)
FNDA:0,(anonymous_14)
FNDA:0,(anonymous_15)
FNDA:0,(anonymous_16)
FNDA:0,(anonymous_17)
FNDA:0,(anonymous_18)
FNDA:0,(anonymous_19)
FNDA:0,(anonymous_20)
FNDA:0,(anonymous_21)
FNDA:0,(anonymous_22)
FNDA:0,(anonymous_23)
FNDA:0,(anonymous_24)
FNDA:0,(anonymous_25)
FNDA:0,(anonymous_26)
FNDA:0,(anonymous_27)
FNDA:0,(anonymous_28)
FNDA:0,(anonymous_29)
FNDA:0,(anonymous_30)
FNDA:0,(anonymous_31)
FNDA:0,(anonymous_32)
FNDA:0,(anonymous_33)
FNDA:0,(anonymous_34)
FNDA:0,(anonymous_35)
FNDA:0,(anonymous_36)
FNDA:0,(anonymous_37)
DA:1,1
DA:8,1
DA:9,0
DA:10,0
DA:14,0
DA:33,0
DA:37,0
DA:38,0
DA:39,0
DA:44,0
DA:45,0
DA:48,0
DA:53,0
DA:54,0
DA:55,0
DA:59,0
DA:61,0
DA:68,0
DA:69,0
DA:70,0
DA:74,0
DA:75,0
DA:76,0
DA:81,0
DA:82,0
DA:83,0
DA:89,0
DA:103,0
DA:106,0
DA:107,0
DA:109,0
DA:110,0
DA:113,0
DA:117,0
DA:118,0
DA:120,0
DA:122,0
DA:123,0
DA:125,0
DA:127,0
DA:128,0
DA:131,0
DA:134,0
DA:139,0
DA:140,0
DA:146,0
DA:150,0
DA:151,0
DA:152,0
DA:156,0
DA:157,0
DA:161,0
DA:165,0
DA:166,0
DA:170,0
DA:174,0
DA:185,0
DA:188,0
DA:196,0
DA:200,0
DA:204,0
DA:205,0
DA:208,0
DA:209,0
DA:210,0
DA:211,0
DA:212,0
DA:214,0
DA:225,0
DA:226,0
DA:228,0
DA:229,0
DA:231,0
DA:232,0
DA:235,0
DA:244,0
DA:245,0
DA:246,0
DA:254,0
DA:255,0
DA:266,0
DA:268,0
LF:82
LH:2
BRDA:25,0,0,0
BRDA:25,0,1,0
BRDA:26,1,0,0
BRDA:26,1,1,0
BRDA:27,2,0,0
BRDA:27,2,1,0
BRDA:37,3,0,0
BRDA:37,3,1,0
BRDA:44,4,0,0
BRDA:44,4,1,0
BRDA:48,5,0,0
BRDA:48,5,1,0
BRDA:53,6,0,0
BRDA:53,6,1,0
BRDA:62,7,0,0
BRDA:62,7,1,0
BRDA:63,8,0,0
BRDA:63,8,1,0
BRDA:68,9,0,0
BRDA:68,9,1,0
BRDA:74,10,0,0
BRDA:74,10,1,0
BRDA:81,11,0,0
BRDA:81,11,1,0
BRDA:106,12,0,0
BRDA:106,12,1,0
BRDA:109,13,0,0
BRDA:109,13,1,0
BRDA:109,14,0,0
BRDA:109,14,1,0
BRDA:113,15,0,0
BRDA:113,15,1,0
BRDA:120,16,0,0
BRDA:120,16,1,0
BRDA:122,17,0,0
BRDA:122,17,1,0
BRDA:127,18,0,0
BRDA:127,18,1,0
BRDA:165,19,0,0
BRDA:165,19,1,0
BRDA:196,20,0,0
BRDA:196,20,1,0
BRDA:208,21,0,0
BRDA:208,21,1,0
BRDA:208,22,0,0
BRDA:208,22,1,0
BRDA:209,23,0,0
BRDA:209,23,1,0
BRDA:209,24,0,0
BRDA:209,24,1,0
BRDA:210,25,0,0
BRDA:210,25,1,0
BRDA:210,26,0,0
BRDA:210,26,1,0
BRDA:211,27,0,0
BRDA:211,27,1,0
BRDA:211,28,0,0
BRDA:211,28,1,0
BRDA:212,29,0,0
BRDA:212,29,1,0
BRDA:212,30,0,0
BRDA:212,30,1,0
BRDA:212,30,2,0
BRDA:228,31,0,0
BRDA:228,31,1,0
BRDA:231,32,0,0
BRDA:231,32,1,0
BRDA:244,33,0,0
BRDA:244,33,1,0
BRDA:266,34,0,0
BRDA:266,34,1,0
BRF:71
BRH:0
end_of_record
TN:
SF:src/providers/MariaDBProvider.ts
FN:13,(anonymous_9)
FN:25,(anonymous_10)
FN:29,(anonymous_11)
FN:37,(anonymous_12)
FN:58,(anonymous_13)
FN:64,(anonymous_14)
FN:71,(anonymous_15)
FN:78,(anonymous_16)
FN:104,(anonymous_17)
FN:105,(anonymous_18)
FN:125,(anonymous_19)
FN:130,(anonymous_20)
FN:135,(anonymous_21)
FN:136,(anonymous_22)
FN:137,(anonymous_23)
FN:141,(anonymous_24)
FN:142,(anonymous_25)
FN:146,(anonymous_26)
FN:150,(anonymous_27)
FN:155,(anonymous_28)
FN:159,(anonymous_29)
FN:170,(anonymous_30)
FN:184,(anonymous_31)
FN:188,(anonymous_32)
FN:202,(anonymous_33)
FN:223,(anonymous_34)
FN:234,(anonymous_35)
FN:243,(anonymous_36)
FNF:28
FNH:0
FNDA:0,(anonymous_9)
FNDA:0,(anonymous_10)
FNDA:0,(anonymous_11)
FNDA:0,(anonymous_12)
FNDA:0,(anonymous_13)
FNDA:0,(anonymous_14)
FNDA:0,(anonymous_15)
FNDA:0,(anonymous_16)
FNDA:0,(anonymous_17)
FNDA:0,(anonymous_18)
FNDA:0,(anonymous_19)
FNDA:0,(anonymous_20)
FNDA:0,(anonymous_21)
FNDA:0,(anonymous_22)
FNDA:0,(anonymous_23)
FNDA:0,(anonymous_24)
FNDA:0,(anonymous_25)
FNDA:0,(anonymous_26)
FNDA:0,(anonymous_27)
FNDA:0,(anonymous_28)
FNDA:0,(anonymous_29)
FNDA:0,(anonymous_30)
FNDA:0,(anonymous_31)
FNDA:0,(anonymous_32)
FNDA:0,(anonymous_33)
FNDA:0,(anonymous_34)
FNDA:0,(anonymous_35)
FNDA:0,(anonymous_36)
DA:1,1
DA:8,1
DA:10,0
DA:11,0
DA:14,0
DA:26,0
DA:30,0
DA:31,0
DA:32,0
DA:34,0
DA:38,0
DA:40,0
DA:41,0
DA:44,0
DA:45,0
DA:47,0
DA:52,0
DA:53,0
DA:59,0
DA:60,0
DA:61,0
DA:65,0
DA:66,0
DA:67,0
DA:72,0
DA:73,0
DA:74,0
DA:80,0
DA:94,0
DA:97,0
DA:98,0
DA:101,0
DA:105,0
DA:106,0
DA:108,0
DA:110,0
DA:111,0
DA:113,0
DA:115,0
DA:116,0
DA:119,0
DA:122,0
DA:126,0
DA:127,0
DA:132,0
DA:136,0
DA:137,0
DA:138,0
DA:142,0
DA:143,0
DA:147,0
DA:151,0
DA:152,0
DA:156,0
DA:160,0
DA:171,0
DA:174,0
DA:181,0
DA:185,0
DA:189,0
DA:190,0
DA:193,0
DA:194,0
DA:195,0
DA:196,0
DA:197,0
DA:199,0
DA:210,0
DA:211,0
DA:213,0
DA:214,0
DA:216,0
DA:217,0
DA:220,0
DA:229,0
DA:230,0
DA:231,0
DA:239,0
DA:240,0
DA:251,0
DA:253,0
LF:81
LH:2
BRDA:20,0,0,0
BRDA:20,0,1,0
BRDA:21,1,0,0
BRDA:21,1,1,0
BRDA:30,2,0,0
BRDA:30,2,1,0
BRDA:38,3,0,0
BRDA:38,3,1,0
BRDA:44,4,0,0
BRDA:44,4,1,0
BRDA:45,5,0,0
BRDA:45,5,1,0
BRDA:52,6,0,0
BRDA:52,6,1,0
BRDA:59,7,0,0
BRDA:59,7,1,0
BRDA:65,8,0,0
BRDA:65,8,1,0
BRDA:65,9,0,0
BRDA:65,9,1,0
BRDA:72,10,0,0
BRDA:72,10,1,0
BRDA:72,11,0,0
BRDA:72,11,1,0
BRDA:97,12,0,0
BRDA:97,12,1,0
BRDA:97,13,0,0
BRDA:97,13,1,0
BRDA:101,14,0,0
BRDA:101,14,1,0
BRDA:108,15,0,0
BRDA:108,15,1,0
BRDA:110,16,0,0
BRDA:110,16,1,0
BRDA:115,17,0,0
BRDA:115,17,1,0
BRDA:151,18,0,0
BRDA:151,18,1,0
BRDA:181,19,0,0
BRDA:181,19,1,0
BRDA:193,20,0,0
BRDA:193,20,1,0
BRDA:193,21,0,0
BRDA:193,21,1,0
BRDA:194,22,0,0
BRDA:194,22,1,0
BRDA:194,23,0,0
BRDA:194,23,1,0
BRDA:195,24,0,0
BRDA:195,24,1,0
BRDA:195,25,0,0
BRDA:195,25,1,0
BRDA:196,26,0,0
BRDA:196,26,1,0
BRDA:196,27,0,0
BRDA:196,27,1,0
BRDA:197,28,0,0
BRDA:197,28,1,0
BRDA:197,29,0,0
BRDA:197,29,1,0
BRDA:197,29,2,0
BRDA:213,30,0,0
BRDA:213,30,1,0
BRDA:216,31,0,0
BRDA:216,31,1,0
BRDA:229,32,0,0
BRDA:229,32,1,0
BRDA:251,33,0,0
BRDA:251,33,1,0
BRF:69
BRH:0
end_of_record
TN:
SF:src/providers/PostgreSQLProvider.ts
FN:12,(anonymous_0)
FN:25,(anonymous_1)
FN:29,(anonymous_2)
FN:37,(anonymous_3)
FN:48,(anonymous_4)
FN:53,(anonymous_5)
FN:57,(anonymous_6)
FN:61,(anonymous_7)
FN:86,(anonymous_8)
FN:87,(anonymous_9)
FN:107,(anonymous_10)
FN:112,(anonymous_11)
FN:116,(anonymous_12)
FN:117,(anonymous_13)
FN:118,(anonymous_14)
FN:122,(anonymous_15)
FN:123,(anonymous_16)
FN:127,(anonymous_17)
FN:131,(anonymous_18)
FN:136,(anonymous_19)
FN:140,(anonymous_20)
FN:151,(anonymous_21)
FN:165,(anonymous_22)
FN:169,(anonymous_23)
FN:183,(anonymous_24)
FN:204,(anonymous_25)
FN:215,(anonymous_26)
FN:224,(anonymous_27)
FNF:28
FNH:1
FNDA:4,(anonymous_0)
FNDA:0,(anonymous_1)
FNDA:0,(anonymous_2)
FNDA:0,(anonymous_3)
FNDA:0,(anonymous_4)
FNDA:0,(anonymous_5)
FNDA:0,(anonymous_6)
FNDA:0,(anonymous_7)
FNDA:0,(anonymous_8)
FNDA:0,(anonymous_9)
FNDA:0,(anonymous_10)
FNDA:0,(anonymous_11)
FNDA:0,(anonymous_12)
FNDA:0,(anonymous_13)
FNDA:0,(anonymous_14)
FNDA:0,(anonymous_15)
FNDA:0,(anonymous_16)
FNDA:0,(anonymous_17)
FNDA:0,(anonymous_18)
FNDA:0,(anonymous_19)
FNDA:0,(anonymous_20)
FNDA:0,(anonymous_21)
FNDA:0,(anonymous_22)
FNDA:0,(anonymous_23)
FNDA:0,(anonymous_24)
FNDA:0,(anonymous_25)
FNDA:0,(anonymous_26)
FNDA:0,(anonymous_27)
DA:1,1
DA:8,1
DA:10,4
DA:13,4
DA:26,0
DA:30,0
DA:31,0
DA:32,0
DA:34,0
DA:38,0
DA:42,0
DA:49,0
DA:50,0
DA:54,0
DA:58,0
DA:63,0
DA:78,0
DA:79,0
DA:80,0
DA:83,0
DA:87,0
DA:88,0
DA:90,0
DA:92,0
DA:93,0
DA:95,0
DA:97,0
DA:98,0
DA:101,0
DA:104,0
DA:108,0
DA:109,0
DA:113,0
DA:117,0
DA:118,0
DA:119,0
DA:123,0
DA:124,0
DA:128,0
DA:132,0
DA:133,0
DA:137,0
DA:141,0
DA:152,0
DA:155,0
DA:162,0
DA:166,0
DA:170,0
DA:171,0
DA:174,0
DA:175,0
DA:176,0
DA:177,0
DA:178,0
DA:180,0
DA:191,0
DA:192,0
DA:194,0
DA:195,0
DA:197,0
DA:198,0
DA:201,0
DA:210,0
DA:211,0
DA:212,0
DA:220,0
DA:221,0
DA:232,0
DA:234,0
LF:69
LH:4
BRDA:30,0,0,0
BRDA:30,0,1,0
BRDA:38,1,0,0
BRDA:38,1,1,0
BRDA:44,2,0,0
BRDA:44,2,1,0
BRDA:49,3,0,0
BRDA:49,3,1,0
BRDA:79,4,0,0
BRDA:79,4,1,0
BRDA:83,5,0,0
BRDA:83,5,1,0
BRDA:90,6,0,0
BRDA:90,6,1,0
BRDA:92,7,0,0
BRDA:92,7,1,0
BRDA:97,8,0,0
BRDA:97,8,1,0
BRDA:132,9,0,0
BRDA:132,9,1,0
BRDA:162,10,0,0
BRDA:162,10,1,0
BRDA:174,11,0,0
BRDA:174,11,1,0
BRDA:174,12,0,0
BRDA:174,12,1,0
BRDA:175,13,0,0
BRDA:175,13,1,0
BRDA:175,14,0,0
BRDA:175,14,1,0
BRDA:176,15,0,0
BRDA:176,15,1,0
BRDA:176,16,0,0
BRDA:176,16,1,0
BRDA:177,17,0,0
BRDA:177,17,1,0
BRDA:177,18,0,0
BRDA:177,18,1,0
BRDA:178,19,0,0
BRDA:178,19,1,0
BRDA:178,20,0,0
BRDA:178,20,1,0
BRDA:194,21,0,0
BRDA:194,21,1,0
BRDA:197,22,0,0
BRDA:197,22,1,0
BRDA:210,23,0,0
BRDA:210,23,1,0
BRDA:232,24,0,0
BRDA:232,24,1,0
BRF:50
BRH:0
end_of_record
TN:
SF:test/test-config.ts
FN:37,createTestProvider
FN:56,getTestProviders
FN:64,sleep
FN:65,(anonymous_3)
FN:71,uniqueTableName
FNF:5
FNH:1
FNDA:4,createTestProvider
FNDA:0,getTestProviders
FNDA:0,sleep
FNDA:0,(anonymous_3)
FNDA:0,uniqueTableName
DA:1,1
DA:2,1
DA:3,1
DA:4,1
DA:10,1
DA:37,1
DA:38,4
DA:40,4
DA:42,4
DA:44,0
DA:46,0
DA:48,0
DA:56,1
DA:57,0
DA:58,0
DA:64,1
DA:65,0
DA:71,1
DA:72,0
LF:19
LH:12
BRDA:12,0,0,1
BRDA:12,0,1,1
BRDA:13,1,0,1
BRDA:13,1,1,1
BRDA:14,2,0,1
BRDA:14,2,1,1
BRDA:15,3,0,1
BRDA:15,3,1,1
BRDA:16,4,0,1
BRDA:16,4,1,1
BRDA:19,5,0,1
BRDA:19,5,1,1
BRDA:20,6,0,1
BRDA:20,6,1,1
BRDA:21,7,0,1
BRDA:21,7,1,1
BRDA:22,8,0,1
BRDA:22,8,1,1
BRDA:23,9,0,1
BRDA:23,9,1,1
BRDA:26,10,0,1
BRDA:26,10,1,1
BRDA:27,11,0,1
BRDA:27,11,1,1
BRDA:28,12,0,1
BRDA:28,12,1,1
BRDA:29,13,0,1
BRDA:29,13,1,1
BRDA:30,14,0,1
BRDA:30,14,1,1
BRDA:40,15,0,4
BRDA:40,15,1,0
BRDA:40,15,2,0
BRDA:40,15,3,0
BRDA:57,16,0,0
BRDA:57,16,1,0
BRF:36
BRH:31
end_of_record
